#
# There is insufficient memory for the Java Runtime Environment to continue.
# Native memory allocation (malloc) failed to allocate 238736 bytes for Chunk::new
# Possible reasons:
#   The system is out of physical RAM or swap space
#   The process is running with CompressedOops enabled, and the Java Heap may be blocking the growth of the native heap
# Possible solutions:
#   Reduce memory load on the system
#   Increase physical memory or swap space
#   Check if swap backing store is full
#   Decrease Java heap size (-Xmx/-Xms)
#   Decrease number of Java threads
#   Decrease Java thread stack sizes (-Xss)
#   Set larger code cache with -XX:ReservedCodeCacheSize=
#   JVM is running with Zero Based Compressed Oops mode in which the Java heap is
#     placed in the first 32GB address space. The Java Heap base address is the
#     maximum limit for the native heap growth. Please use -XX:HeapBaseMinAddress
#     to set the Java Heap base and to place the Java Heap above 32GB virtual address.
# This output file may be truncated or incomplete.
#
#  Out of Memory Error (arena.cpp:184), pid=36068, tid=38768
#
# JRE version: OpenJDK Runtime Environment Temurin-18.0.1+10 (18.0.1+10) (build 18.0.1+10)
# Java VM: OpenJDK 64-Bit Server VM Temurin-18.0.1+10 (18.0.1+10, mixed mode, tiered, compressed oops, compressed class ptrs, g1 gc, windows-amd64)
# No core dump will be written. Minidumps are not enabled by default on client versions of Windows
#

---------------  S U M M A R Y ------------

Command Line: -Dfile.encoding=UTF-8 -XX:+ShowCodeDetailsInExceptionMessages platformerTest.Main

Host: 11th Gen Intel(R) Core(TM) i7-1165G7 @ 2.80GHz, 8 cores, 11G,  Windows 11 , 64 bit Build 22621 (10.0.22621.1344)
Time: Mon Apr 24 16:20:32 2023 AUS Eastern Standard Time elapsed time: 84.419705 seconds (0d 0h 1m 24s)

---------------  T H R E A D  ---------------

Current thread (0x000002a368c1d7b0):  JavaThread "C2 CompilerThread0" daemon [_thread_in_native, id=38768, stack(0x000000be70600000,0x000000be70700000)]


Current CompileTask:
C2:  84419 1122       4       java.util.concurrent.locks.AbstractQueuedSynchronizer$ConditionObject::awaitNanos (200 bytes)

Stack: [0x000000be70600000,0x000000be70700000]
Native frames: (J=compiled Java code, j=interpreted, Vv=VM code, C=native code)
V  [jvm.dll+0x69cd4a]
V  [jvm.dll+0x84b63d]
V  [jvm.dll+0x84cf4e]
V  [jvm.dll+0x84d603]
V  [jvm.dll+0x25f19f]
V  [jvm.dll+0xba54f]
V  [jvm.dll+0xba8c5]
V  [jvm.dll+0x388841]
V  [jvm.dll+0x3528e1]
V  [jvm.dll+0x351d8a]
V  [jvm.dll+0x232141]
V  [jvm.dll+0x231511]
V  [jvm.dll+0x1bbd3c]
V  [jvm.dll+0x240faa]
V  [jvm.dll+0x23f275]
V  [jvm.dll+0x7fdcfb]
V  [jvm.dll+0x7f814a]
V  [jvm.dll+0x69bba5]
C  [ucrtbase.dll+0x29363]
C  [KERNEL32.DLL+0x126bd]
C  [ntdll.dll+0x5a9f8]


---------------  P R O C E S S  ---------------

Threads class SMR info:
_java_thread_list=0x000002a3690eb500, length=17, elements={
0x000002a3648bd010, 0x000002a3648c18d0, 0x000002a3648d8410, 0x000002a3648d8cc0,
0x000002a3648da580, 0x000002a3648dae30, 0x000002a368c1d7b0, 0x000002a368c290d0,
0x000002a368c29db0, 0x000002a368da6d70, 0x000002a368dafc00, 0x000002a368e88480,
0x000002a368e88940, 0x000002a368e88e00, 0x000002a3690949c0, 0x000002a3690fefa0,
0x000002a34840fd70
}

Java Threads: ( => current thread )
  0x000002a3648bd010 JavaThread "Reference Handler" daemon [_thread_blocked, id=38276, stack(0x000000be70000000,0x000000be70100000)]
  0x000002a3648c18d0 JavaThread "Finalizer" daemon [_thread_blocked, id=39232, stack(0x000000be70100000,0x000000be70200000)]
  0x000002a3648d8410 JavaThread "Signal Dispatcher" daemon [_thread_blocked, id=39728, stack(0x000000be70200000,0x000000be70300000)]
  0x000002a3648d8cc0 JavaThread "Attach Listener" daemon [_thread_blocked, id=38380, stack(0x000000be70300000,0x000000be70400000)]
  0x000002a3648da580 JavaThread "Service Thread" daemon [_thread_blocked, id=39248, stack(0x000000be70400000,0x000000be70500000)]
  0x000002a3648dae30 JavaThread "Monitor Deflation Thread" daemon [_thread_blocked, id=38312, stack(0x000000be70500000,0x000000be70600000)]
=>0x000002a368c1d7b0 JavaThread "C2 CompilerThread0" daemon [_thread_in_native, id=38768, stack(0x000000be70600000,0x000000be70700000)]
  0x000002a368c290d0 JavaThread "C1 CompilerThread0" daemon [_thread_blocked, id=22148, stack(0x000000be70700000,0x000000be70800000)]
  0x000002a368c29db0 JavaThread "Sweeper thread" daemon [_thread_blocked, id=36020, stack(0x000000be70800000,0x000000be70900000)]
  0x000002a368da6d70 JavaThread "Notification Thread" daemon [_thread_blocked, id=36948, stack(0x000000be70900000,0x000000be70a00000)]
  0x000002a368dafc00 JavaThread "Common-Cleaner" daemon [_thread_blocked, id=38496, stack(0x000000be70b00000,0x000000be70c00000)]
  0x000002a368e88480 JavaThread "Java2D Disposer" daemon [_thread_blocked, id=37984, stack(0x000000be70c00000,0x000000be70d00000)]
  0x000002a368e88940 JavaThread "AWT-Shutdown" [_thread_blocked, id=12308, stack(0x000000be70d00000,0x000000be70e00000)]
  0x000002a368e88e00 JavaThread "AWT-Windows" daemon [_thread_in_native, id=39632, stack(0x000000be70e00000,0x000000be70f00000)]
  0x000002a3690949c0 JavaThread "TimerQueue" daemon [_thread_blocked, id=39380, stack(0x000000be70f00000,0x000000be71000000)]
  0x000002a3690fefa0 JavaThread "AWT-EventQueue-0" [_thread_blocked, id=38656, stack(0x000000be71000000,0x000000be71100000)]
  0x000002a34840fd70 JavaThread "DestroyJavaVM" [_thread_blocked, id=21544, stack(0x000000be6f900000,0x000000be6fa00000)]

Other Threads:
  0x000002a348483c60 VMThread "VM Thread" [stack: 0x000000be6ff00000,0x000000be70000000] [id=6276]
  0x000002a368cb6170 WatcherThread "VM Periodic Task Thread" [stack: 0x000000be70a00000,0x000000be70b00000] [id=39148]
  0x000002a34846dca0 WorkerThread "GC Thread#0" [stack: 0x000000be6fa00000,0x000000be6fb00000] [id=37416]
  0x000002a34847a7b0 ConcurrentGCThread "G1 Main Marker" [stack: 0x000000be6fb00000,0x000000be6fc00000] [id=35900]
  0x000002a34847b0b0 WorkerThread "G1 Conc#0" [stack: 0x000000be6fc00000,0x000000be6fd00000] [id=39244]
  0x000002a3646f9140 ConcurrentGCThread "G1 Refine#0" [stack: 0x000000be6fd00000,0x000000be6fe00000] [id=30804]
  0x000002a3646f9800 ConcurrentGCThread "G1 Service" [stack: 0x000000be6fe00000,0x000000be6ff00000] [id=36976]

Threads with active compile tasks:
C2 CompilerThread0    84427 1122       4       java.util.concurrent.locks.AbstractQueuedSynchronizer$ConditionObject::awaitNanos (200 bytes)

VM state: not at safepoint (normal execution)

VM Mutex/Monitor currently owned by a thread: None

Heap address: 0x0000000743200000, size: 3022 MB, Compressed Oops mode: Zero based, Oop shift amount: 3

CDS archive(s) not mapped
Compressed class space mapped at: 0x0000000800000000-0x0000000840000000, reserved size: 1073741824
Narrow klass base: 0x0000000800000000, Narrow klass shift: 0, Narrow klass range: 0x40000000

GC Precious Log:
 CardTable entry size: 512
 Card Set container configuration: InlinePtr #cards 4 size 8 Array Of Cards #cards 16 size 48 Howl #buckets 8 coarsen threshold 3686 Howl Bitmap #cards 512 size 80 coarsen threshold 460 Card regions per heap region 1 cards per card region 4096
 CPUs: 8 total, 8 available
 Memory: 12087M
 Large Page Support: Disabled
 NUMA Support: Disabled
 Compressed Oops: Enabled (Zero based)
 Heap Region Size: 2M
 Heap Min Capacity: 8M
 Heap Initial Capacity: 190M
 Heap Max Capacity: 3022M
 Pre-touch: Disabled
 Parallel Workers: 8
 Concurrent Workers: 2
 Concurrent Refinement Workers: 8
 Periodic GC: Disabled

Heap:
 garbage-first heap   total 194560K, used 12288K [0x0000000743200000, 0x0000000800000000)
  region size 2048K, 5 young (10240K), 0 survivors (0K)
 Metaspace       used 12632K, committed 12864K, reserved 1114112K
  class space    used 1172K, committed 1280K, reserved 1048576K

Heap Regions: E=young(eden), S=young(survivor), O=old, HS=humongous(starts), HC=humongous(continues), CS=collection set, F=free, OA=open archive, CA=closed archive, TAMS=top-at-mark-start (previous, next)
|   0|0x0000000743200000, 0x0000000743400000, 0x0000000743400000|100%|HS|  |TAMS 0x0000000743200000, 0x0000000743200000| Complete 
|   1|0x0000000743400000, 0x0000000743600000, 0x0000000743600000|100%|HC|  |TAMS 0x0000000743400000, 0x0000000743400000| Complete 
|   2|0x0000000743600000, 0x0000000743600000, 0x0000000743800000|  0%| F|  |TAMS 0x0000000743600000, 0x0000000743600000| Untracked 
|   3|0x0000000743800000, 0x0000000743800000, 0x0000000743a00000|  0%| F|  |TAMS 0x0000000743800000, 0x0000000743800000| Untracked 
|   4|0x0000000743a00000, 0x0000000743a00000, 0x0000000743c00000|  0%| F|  |TAMS 0x0000000743a00000, 0x0000000743a00000| Untracked 
|   5|0x0000000743c00000, 0x0000000743c00000, 0x0000000743e00000|  0%| F|  |TAMS 0x0000000743c00000, 0x0000000743c00000| Untracked 
|   6|0x0000000743e00000, 0x0000000743e00000, 0x0000000744000000|  0%| F|  |TAMS 0x0000000743e00000, 0x0000000743e00000| Untracked 
|   7|0x0000000744000000, 0x0000000744000000, 0x0000000744200000|  0%| F|  |TAMS 0x0000000744000000, 0x0000000744000000| Untracked 
|   8|0x0000000744200000, 0x0000000744200000, 0x0000000744400000|  0%| F|  |TAMS 0x0000000744200000, 0x0000000744200000| Untracked 
|   9|0x0000000744400000, 0x0000000744400000, 0x0000000744600000|  0%| F|  |TAMS 0x0000000744400000, 0x0000000744400000| Untracked 
|  10|0x0000000744600000, 0x0000000744600000, 0x0000000744800000|  0%| F|  |TAMS 0x0000000744600000, 0x0000000744600000| Untracked 
|  11|0x0000000744800000, 0x0000000744800000, 0x0000000744a00000|  0%| F|  |TAMS 0x0000000744800000, 0x0000000744800000| Untracked 
|  12|0x0000000744a00000, 0x0000000744a00000, 0x0000000744c00000|  0%| F|  |TAMS 0x0000000744a00000, 0x0000000744a00000| Untracked 
|  13|0x0000000744c00000, 0x0000000744c00000, 0x0000000744e00000|  0%| F|  |TAMS 0x0000000744c00000, 0x0000000744c00000| Untracked 
|  14|0x0000000744e00000, 0x0000000744e00000, 0x0000000745000000|  0%| F|  |TAMS 0x0000000744e00000, 0x0000000744e00000| Untracked 
|  15|0x0000000745000000, 0x0000000745000000, 0x0000000745200000|  0%| F|  |TAMS 0x0000000745000000, 0x0000000745000000| Untracked 
|  16|0x0000000745200000, 0x0000000745200000, 0x0000000745400000|  0%| F|  |TAMS 0x0000000745200000, 0x0000000745200000| Untracked 
|  17|0x0000000745400000, 0x0000000745400000, 0x0000000745600000|  0%| F|  |TAMS 0x0000000745400000, 0x0000000745400000| Untracked 
|  18|0x0000000745600000, 0x0000000745600000, 0x0000000745800000|  0%| F|  |TAMS 0x0000000745600000, 0x0000000745600000| Untracked 
|  19|0x0000000745800000, 0x0000000745800000, 0x0000000745a00000|  0%| F|  |TAMS 0x0000000745800000, 0x0000000745800000| Untracked 
|  20|0x0000000745a00000, 0x0000000745a00000, 0x0000000745c00000|  0%| F|  |TAMS 0x0000000745a00000, 0x0000000745a00000| Untracked 
|  21|0x0000000745c00000, 0x0000000745c00000, 0x0000000745e00000|  0%| F|  |TAMS 0x0000000745c00000, 0x0000000745c00000| Untracked 
|  22|0x0000000745e00000, 0x0000000745e00000, 0x0000000746000000|  0%| F|  |TAMS 0x0000000745e00000, 0x0000000745e00000| Untracked 
|  23|0x0000000746000000, 0x0000000746000000, 0x0000000746200000|  0%| F|  |TAMS 0x0000000746000000, 0x0000000746000000| Untracked 
|  24|0x0000000746200000, 0x0000000746200000, 0x0000000746400000|  0%| F|  |TAMS 0x0000000746200000, 0x0000000746200000| Untracked 
|  25|0x0000000746400000, 0x0000000746400000, 0x0000000746600000|  0%| F|  |TAMS 0x0000000746400000, 0x0000000746400000| Untracked 
|  26|0x0000000746600000, 0x0000000746600000, 0x0000000746800000|  0%| F|  |TAMS 0x0000000746600000, 0x0000000746600000| Untracked 
|  27|0x0000000746800000, 0x0000000746800000, 0x0000000746a00000|  0%| F|  |TAMS 0x0000000746800000, 0x0000000746800000| Untracked 
|  28|0x0000000746a00000, 0x0000000746a00000, 0x0000000746c00000|  0%| F|  |TAMS 0x0000000746a00000, 0x0000000746a00000| Untracked 
|  29|0x0000000746c00000, 0x0000000746c00000, 0x0000000746e00000|  0%| F|  |TAMS 0x0000000746c00000, 0x0000000746c00000| Untracked 
|  30|0x0000000746e00000, 0x0000000746e00000, 0x0000000747000000|  0%| F|  |TAMS 0x0000000746e00000, 0x0000000746e00000| Untracked 
|  31|0x0000000747000000, 0x0000000747000000, 0x0000000747200000|  0%| F|  |TAMS 0x0000000747000000, 0x0000000747000000| Untracked 
|  32|0x0000000747200000, 0x0000000747200000, 0x0000000747400000|  0%| F|  |TAMS 0x0000000747200000, 0x0000000747200000| Untracked 
|  33|0x0000000747400000, 0x0000000747400000, 0x0000000747600000|  0%| F|  |TAMS 0x0000000747400000, 0x0000000747400000| Untracked 
|  34|0x0000000747600000, 0x0000000747600000, 0x0000000747800000|  0%| F|  |TAMS 0x0000000747600000, 0x0000000747600000| Untracked 
|  35|0x0000000747800000, 0x0000000747800000, 0x0000000747a00000|  0%| F|  |TAMS 0x0000000747800000, 0x0000000747800000| Untracked 
|  36|0x0000000747a00000, 0x0000000747a00000, 0x0000000747c00000|  0%| F|  |TAMS 0x0000000747a00000, 0x0000000747a00000| Untracked 
|  37|0x0000000747c00000, 0x0000000747c00000, 0x0000000747e00000|  0%| F|  |TAMS 0x0000000747c00000, 0x0000000747c00000| Untracked 
|  38|0x0000000747e00000, 0x0000000747e00000, 0x0000000748000000|  0%| F|  |TAMS 0x0000000747e00000, 0x0000000747e00000| Untracked 
|  39|0x0000000748000000, 0x0000000748000000, 0x0000000748200000|  0%| F|  |TAMS 0x0000000748000000, 0x0000000748000000| Untracked 
|  40|0x0000000748200000, 0x0000000748200000, 0x0000000748400000|  0%| F|  |TAMS 0x0000000748200000, 0x0000000748200000| Untracked 
|  41|0x0000000748400000, 0x0000000748400000, 0x0000000748600000|  0%| F|  |TAMS 0x0000000748400000, 0x0000000748400000| Untracked 
|  42|0x0000000748600000, 0x0000000748600000, 0x0000000748800000|  0%| F|  |TAMS 0x0000000748600000, 0x0000000748600000| Untracked 
|  43|0x0000000748800000, 0x0000000748800000, 0x0000000748a00000|  0%| F|  |TAMS 0x0000000748800000, 0x0000000748800000| Untracked 
|  44|0x0000000748a00000, 0x0000000748a00000, 0x0000000748c00000|  0%| F|  |TAMS 0x0000000748a00000, 0x0000000748a00000| Untracked 
|  45|0x0000000748c00000, 0x0000000748c00000, 0x0000000748e00000|  0%| F|  |TAMS 0x0000000748c00000, 0x0000000748c00000| Untracked 
|  46|0x0000000748e00000, 0x0000000748e00000, 0x0000000749000000|  0%| F|  |TAMS 0x0000000748e00000, 0x0000000748e00000| Untracked 
|  47|0x0000000749000000, 0x0000000749000000, 0x0000000749200000|  0%| F|  |TAMS 0x0000000749000000, 0x0000000749000000| Untracked 
|  48|0x0000000749200000, 0x0000000749200000, 0x0000000749400000|  0%| F|  |TAMS 0x0000000749200000, 0x0000000749200000| Untracked 
|  49|0x0000000749400000, 0x0000000749400000, 0x0000000749600000|  0%| F|  |TAMS 0x0000000749400000, 0x0000000749400000| Untracked 
|  50|0x0000000749600000, 0x0000000749600000, 0x0000000749800000|  0%| F|  |TAMS 0x0000000749600000, 0x0000000749600000| Untracked 
|  51|0x0000000749800000, 0x0000000749800000, 0x0000000749a00000|  0%| F|  |TAMS 0x0000000749800000, 0x0000000749800000| Untracked 
|  52|0x0000000749a00000, 0x0000000749a00000, 0x0000000749c00000|  0%| F|  |TAMS 0x0000000749a00000, 0x0000000749a00000| Untracked 
|  53|0x0000000749c00000, 0x0000000749c00000, 0x0000000749e00000|  0%| F|  |TAMS 0x0000000749c00000, 0x0000000749c00000| Untracked 
|  54|0x0000000749e00000, 0x0000000749e00000, 0x000000074a000000|  0%| F|  |TAMS 0x0000000749e00000, 0x0000000749e00000| Untracked 
|  55|0x000000074a000000, 0x000000074a000000, 0x000000074a200000|  0%| F|  |TAMS 0x000000074a000000, 0x000000074a000000| Untracked 
|  56|0x000000074a200000, 0x000000074a200000, 0x000000074a400000|  0%| F|  |TAMS 0x000000074a200000, 0x000000074a200000| Untracked 
|  57|0x000000074a400000, 0x000000074a400000, 0x000000074a600000|  0%| F|  |TAMS 0x000000074a400000, 0x000000074a400000| Untracked 
|  58|0x000000074a600000, 0x000000074a600000, 0x000000074a800000|  0%| F|  |TAMS 0x000000074a600000, 0x000000074a600000| Untracked 
|  59|0x000000074a800000, 0x000000074a800000, 0x000000074aa00000|  0%| F|  |TAMS 0x000000074a800000, 0x000000074a800000| Untracked 
|  60|0x000000074aa00000, 0x000000074aa00000, 0x000000074ac00000|  0%| F|  |TAMS 0x000000074aa00000, 0x000000074aa00000| Untracked 
|  61|0x000000074ac00000, 0x000000074ac00000, 0x000000074ae00000|  0%| F|  |TAMS 0x000000074ac00000, 0x000000074ac00000| Untracked 
|  62|0x000000074ae00000, 0x000000074ae00000, 0x000000074b000000|  0%| F|  |TAMS 0x000000074ae00000, 0x000000074ae00000| Untracked 
|  63|0x000000074b000000, 0x000000074b000000, 0x000000074b200000|  0%| F|  |TAMS 0x000000074b000000, 0x000000074b000000| Untracked 
|  64|0x000000074b200000, 0x000000074b200000, 0x000000074b400000|  0%| F|  |TAMS 0x000000074b200000, 0x000000074b200000| Untracked 
|  65|0x000000074b400000, 0x000000074b400000, 0x000000074b600000|  0%| F|  |TAMS 0x000000074b400000, 0x000000074b400000| Untracked 
|  66|0x000000074b600000, 0x000000074b600000, 0x000000074b800000|  0%| F|  |TAMS 0x000000074b600000, 0x000000074b600000| Untracked 
|  67|0x000000074b800000, 0x000000074b800000, 0x000000074ba00000|  0%| F|  |TAMS 0x000000074b800000, 0x000000074b800000| Untracked 
|  68|0x000000074ba00000, 0x000000074ba00000, 0x000000074bc00000|  0%| F|  |TAMS 0x000000074ba00000, 0x000000074ba00000| Untracked 
|  69|0x000000074bc00000, 0x000000074bc00000, 0x000000074be00000|  0%| F|  |TAMS 0x000000074bc00000, 0x000000074bc00000| Untracked 
|  70|0x000000074be00000, 0x000000074be00000, 0x000000074c000000|  0%| F|  |TAMS 0x000000074be00000, 0x000000074be00000| Untracked 
|  71|0x000000074c000000, 0x000000074c000000, 0x000000074c200000|  0%| F|  |TAMS 0x000000074c000000, 0x000000074c000000| Untracked 
|  72|0x000000074c200000, 0x000000074c200000, 0x000000074c400000|  0%| F|  |TAMS 0x000000074c200000, 0x000000074c200000| Untracked 
|  73|0x000000074c400000, 0x000000074c400000, 0x000000074c600000|  0%| F|  |TAMS 0x000000074c400000, 0x000000074c400000| Untracked 
|  74|0x000000074c600000, 0x000000074c600000, 0x000000074c800000|  0%| F|  |TAMS 0x000000074c600000, 0x000000074c600000| Untracked 
|  75|0x000000074c800000, 0x000000074c800000, 0x000000074ca00000|  0%| F|  |TAMS 0x000000074c800000, 0x000000074c800000| Untracked 
|  76|0x000000074ca00000, 0x000000074ca00000, 0x000000074cc00000|  0%| F|  |TAMS 0x000000074ca00000, 0x000000074ca00000| Untracked 
|  77|0x000000074cc00000, 0x000000074cc00000, 0x000000074ce00000|  0%| F|  |TAMS 0x000000074cc00000, 0x000000074cc00000| Untracked 
|  78|0x000000074ce00000, 0x000000074ce00000, 0x000000074d000000|  0%| F|  |TAMS 0x000000074ce00000, 0x000000074ce00000| Untracked 
|  79|0x000000074d000000, 0x000000074d000000, 0x000000074d200000|  0%| F|  |TAMS 0x000000074d000000, 0x000000074d000000| Untracked 
|  80|0x000000074d200000, 0x000000074d200000, 0x000000074d400000|  0%| F|  |TAMS 0x000000074d200000, 0x000000074d200000| Untracked 
|  81|0x000000074d400000, 0x000000074d400000, 0x000000074d600000|  0%| F|  |TAMS 0x000000074d400000, 0x000000074d400000| Untracked 
|  82|0x000000074d600000, 0x000000074d600000, 0x000000074d800000|  0%| F|  |TAMS 0x000000074d600000, 0x000000074d600000| Untracked 
|  83|0x000000074d800000, 0x000000074d800000, 0x000000074da00000|  0%| F|  |TAMS 0x000000074d800000, 0x000000074d800000| Untracked 
|  84|0x000000074da00000, 0x000000074da00000, 0x000000074dc00000|  0%| F|  |TAMS 0x000000074da00000, 0x000000074da00000| Untracked 
|  85|0x000000074dc00000, 0x000000074dc00000, 0x000000074de00000|  0%| F|  |TAMS 0x000000074dc00000, 0x000000074dc00000| Untracked 
|  86|0x000000074de00000, 0x000000074de00000, 0x000000074e000000|  0%| F|  |TAMS 0x000000074de00000, 0x000000074de00000| Untracked 
|  87|0x000000074e000000, 0x000000074e000000, 0x000000074e200000|  0%| F|  |TAMS 0x000000074e000000, 0x000000074e000000| Untracked 
|  88|0x000000074e200000, 0x000000074e200000, 0x000000074e400000|  0%| F|  |TAMS 0x000000074e200000, 0x000000074e200000| Untracked 
|  89|0x000000074e400000, 0x000000074e400000, 0x000000074e600000|  0%| F|  |TAMS 0x000000074e400000, 0x000000074e400000| Untracked 
|  90|0x000000074e600000, 0x000000074e6e1cb0, 0x000000074e800000| 44%| E|  |TAMS 0x000000074e600000, 0x000000074e600000| Complete 
|  91|0x000000074e800000, 0x000000074ea00000, 0x000000074ea00000|100%| E|CS|TAMS 0x000000074e800000, 0x000000074e800000| Complete 
|  92|0x000000074ea00000, 0x000000074ec00000, 0x000000074ec00000|100%| E|CS|TAMS 0x000000074ea00000, 0x000000074ea00000| Complete 
|  93|0x000000074ec00000, 0x000000074ee00000, 0x000000074ee00000|100%| E|CS|TAMS 0x000000074ec00000, 0x000000074ec00000| Complete 
|  94|0x000000074ee00000, 0x000000074f000000, 0x000000074f000000|100%| E|CS|TAMS 0x000000074ee00000, 0x000000074ee00000| Complete 

Card table byte_map: [0x000002a35b400000,0x000002a35b9f0000] _byte_map_base: 0x000002a3579e7000

Marking Bits (Prev, Next): (CMBitMap*) 0x000002a34846e1b0, (CMBitMap*) 0x000002a34846e1f0
 Prev Bits: [0x000002a35bfe0000, 0x000002a35ef18000)
 Next Bits: [0x000002a35ef20000, 0x000002a361e58000)

Polling page: 0x000002a347bd0000

Metaspace:

Usage:
  Non-class:     11.19 MB used.
      Class:      1.15 MB used.
       Both:     12.34 MB used.

Virtual space:
  Non-class space:       64.00 MB reserved,      11.31 MB ( 18%) committed,  1 nodes.
      Class space:        1.00 GB reserved,       1.25 MB ( <1%) committed,  1 nodes.
             Both:        1.06 GB reserved,      12.56 MB (  1%) committed. 

Chunk freelists:
   Non-Class:  480.00 KB
       Class:  2.74 MB
        Both:  3.21 MB

MaxMetaspaceSize: unlimited
CompressedClassSpaceSize: 1.00 GB
Initial GC threshold: 21.00 MB
Current GC threshold: 21.00 MB
CDS: off
MetaspaceReclaimPolicy: balanced
 - commit_granule_bytes: 65536.
 - commit_granule_words: 8192.
 - virtual_space_node_default_size: 8388608.
 - enlarge_chunks_in_place: 1.
 - new_chunks_are_fully_committed: 0.
 - uncommit_free_chunks: 1.
 - use_allocation_guard: 0.


Internal statistics:

num_allocs_failed_limit: 0.
num_arena_births: 114.
num_arena_deaths: 0.
num_vsnodes_births: 2.
num_vsnodes_deaths: 0.
num_space_committed: 201.
num_space_uncommitted: 0.
num_chunks_returned_to_freelist: 0.
num_chunks_taken_from_freelist: 157.
num_chunk_merges: 0.
num_chunk_splits: 92.
num_chunks_enlarged: 55.
num_inconsistent_stats: 0.

CodeHeap 'non-profiled nmethods': size=120000Kb used=425Kb max_used=425Kb free=119574Kb
 bounds [0x000002a3535b0000, 0x000002a353820000, 0x000002a35aae0000]
CodeHeap 'profiled nmethods': size=120000Kb used=1807Kb max_used=1807Kb free=118192Kb
 bounds [0x000002a34c080000, 0x000002a34c2f0000, 0x000002a3535b0000]
CodeHeap 'non-nmethods': size=5760Kb used=1249Kb max_used=1292Kb free=4510Kb
 bounds [0x000002a34bae0000, 0x000002a34bd50000, 0x000002a34c080000]
 total_blobs=1663 nmethods=1121 adapters=455
 compilation: enabled
              stopped_count=0, restarted_count=0
 full_count=0

Compilation events (20 events):
Event: 64.500 Thread 0x000002a368c1d7b0 nmethod 1112 0x000002a35360d110 code [0x000002a35360d280, 0x000002a35360d398]
Event: 65.517 Thread 0x000002a368c1d7b0 1113       4       java.util.concurrent.TimeUnit::toNanos (45 bytes)
Event: 65.518 Thread 0x000002a368c1d7b0 nmethod 1113 0x000002a35360d410 code [0x000002a35360d580, 0x000002a35360d678]
Event: 66.757 Thread 0x000002a368c1d7b0 1114       4       java.security.ProtectionDomain$JavaSecurityAccessImpl::getCombinedACC (30 bytes)
Event: 66.765 Thread 0x000002a368c1d7b0 nmethod 1114 0x000002a35360d710 code [0x000002a35360d8e0, 0x000002a35360dcb0]
Event: 68.078 Thread 0x000002a368c1d7b0 1115   !   4       sun.awt.PostEventQueue::flush (168 bytes)
Event: 68.199 Thread 0x000002a368c1d7b0 nmethod 1115 0x000002a35360e110 code [0x000002a35360e620, 0x000002a353615910]
Event: 70.378 Thread 0x000002a368c1d7b0 1116       4       javax.swing.JComponent::getHeight (5 bytes)
Event: 70.378 Thread 0x000002a368c1d7b0 nmethod 1116 0x000002a353618990 code [0x000002a353618b00, 0x000002a353618b78]
Event: 77.615 Thread 0x000002a368c1d7b0 1117       4       javax.swing.JComponent::getWidth (5 bytes)
Event: 77.616 Thread 0x000002a368c1d7b0 nmethod 1117 0x000002a353618c90 code [0x000002a353618e00, 0x000002a353618e78]
Event: 80.606 Thread 0x000002a368c1d7b0 1118       4       java.security.AccessController::getContext (23 bytes)
Event: 80.613 Thread 0x000002a368c1d7b0 nmethod 1118 0x000002a353618f90 code [0x000002a353619160, 0x000002a3536194d0]
Event: 81.161 Thread 0x000002a368c1d7b0 1119       4       java.util.concurrent.locks.AbstractQueuedSynchronizer$ConditionObject::unlinkCancelledWaiters (91 bytes)
Event: 81.167 Thread 0x000002a368c1d7b0 nmethod 1119 0x000002a353619910 code [0x000002a353619aa0, 0x000002a353619d58]
Event: 82.490 Thread 0x000002a368c1d7b0 1120       4       javax.swing.TimerQueue$DelayedTimer::getDelay (16 bytes)
Event: 82.492 Thread 0x000002a368c1d7b0 nmethod 1120 0x000002a353619e90 code [0x000002a35361a020, 0x000002a35361a198]
Event: 82.492 Thread 0x000002a368c1d7b0 1121       4       java.util.concurrent.TimeUnit::convert (77 bytes)
Event: 82.493 Thread 0x000002a368c1d7b0 nmethod 1121 0x000002a35361a310 code [0x000002a35361a4a0, 0x000002a35361a5f8]
Event: 84.402 Thread 0x000002a368c1d7b0 1122       4       java.util.concurrent.locks.AbstractQueuedSynchronizer$ConditionObject::awaitNanos (200 bytes)

GC Heap History (0 events):
No events

Deoptimization events (10 events):
Event: 0.964 Thread 0x000002a368e88e00 DEOPT PACKING pc=0x000002a34c096367 sp=0x000000be70efd140
Event: 0.964 Thread 0x000002a368e88e00 DEOPT UNPACKING pc=0x000002a34bb36763 sp=0x000000be70efc560 mode 0
Event: 8.064 Thread 0x000002a3690fefa0 Uncommon trap: trap_request=0xffffff45 fr.pc=0x000002a3535f90b4 relative=0x0000000000000254
Event: 8.064 Thread 0x000002a3690fefa0 Uncommon trap: reason=unstable_if action=reinterpret pc=0x000002a3535f90b4 method=java.security.AccessController.getContext()Ljava/security/AccessControlContext; @ 5 c2
Event: 8.064 Thread 0x000002a3690fefa0 DEOPT PACKING pc=0x000002a3535f90b4 sp=0x000000be710fe6a0
Event: 8.064 Thread 0x000002a3690fefa0 DEOPT UNPACKING pc=0x000002a34bb35c23 sp=0x000000be710fe648 mode 2
Event: 8.068 Thread 0x000002a3690949c0 Uncommon trap: trap_request=0xffffff45 fr.pc=0x000002a3535fe6b8 relative=0x0000000000003a18
Event: 8.068 Thread 0x000002a3690949c0 Uncommon trap: reason=unstable_if action=reinterpret pc=0x000002a3535fe6b8 method=java.awt.EventQueue.getPriority(Ljava/awt/AWTEvent;)I @ 4 c2
Event: 8.068 Thread 0x000002a3690949c0 DEOPT PACKING pc=0x000002a3535fe6b8 sp=0x000000be70ffed00
Event: 8.068 Thread 0x000002a3690949c0 DEOPT UNPACKING pc=0x000002a34bb35c23 sp=0x000000be70ffebf8 mode 2

Classes loaded (20 events):
Event: 1.779 Loading class java/awt/event/ContainerEvent
Event: 1.779 Loading class java/awt/event/ContainerEvent done
Event: 1.779 Loading class javax/swing/JComponent$KeyboardState
Event: 1.780 Loading class javax/swing/JComponent$KeyboardState done
Event: 1.780 Loading class javax/swing/JComponent$IntVector
Event: 1.780 Loading class javax/swing/JComponent$IntVector done
Event: 1.780 Loading class javax/swing/JInternalFrame
Event: 1.782 Loading class javax/swing/JInternalFrame done
Event: 1.782 Loading class javax/swing/KeyboardManager
Event: 1.782 Loading class javax/swing/KeyboardManager done
Event: 1.782 Loading class javax/swing/Popup$HeavyWeightWindow
Event: 1.782 Loading class sun/awt/ModalExclude
Event: 1.782 Loading class sun/awt/ModalExclude done
Event: 1.782 Loading class javax/swing/JWindow
Event: 1.783 Loading class javax/swing/JWindow done
Event: 1.783 Loading class javax/swing/Popup$HeavyWeightWindow done
Event: 8.063 Loading class java/awt/KeyboardFocusManager$2
Event: 8.063 Loading class java/awt/KeyboardFocusManager$2 done
Event: 8.064 Loading class sun/awt/SunToolkit$1
Event: 8.064 Loading class sun/awt/SunToolkit$1 done

Classes unloaded (0 events):
No events

Classes redefined (0 events):
No events

Internal exceptions (13 events):
Event: 0.786 Thread 0x000002a34840fd70 Exception <a 'java/lang/ClassNotFoundException'{0x000000074efa3ed0}: sun/awt/resources/spi/awtProvider> (0x000000074efa3ed0) 
thrown [s\src\hotspot\share\classfile\systemDictionary.cpp, line 255]
Event: 0.801 Thread 0x000002a34840fd70 Exception <a 'java/io/FileNotFoundException'{0x000000074effb040}> (0x000000074effb040) 
thrown [s\src\hotspot\share\prims\jni.cpp, line 516]
Event: 0.805 Thread 0x000002a34840fd70 Exception <a 'java/io/FileNotFoundException'{0x000000074ec28918}> (0x000000074ec28918) 
thrown [s\src\hotspot\share\prims\jni.cpp, line 516]
Event: 0.830 Thread 0x000002a34840fd70 Exception <a 'java/lang/NoSuchMethodError'{0x000000074ec68988}: 'java.lang.Object java.lang.invoke.DirectMethodHandle$Holder.invokeStaticInit(java.lang.Object)'> (0x000000074ec68988) 
thrown [s\src\hotspot\share\interpreter\linkResolver.cpp, line 766]
Event: 0.856 Thread 0x000002a34840fd70 Exception <a 'java/lang/NoSuchMethodError'{0x000000074ecb2420}: 'void java.lang.invoke.DirectMethodHandle$Holder.invokeSpecial(java.lang.Object, java.lang.Object, java.lang.Object)'> (0x000000074ecb2420) 
thrown [s\src\hotspot\share\interpreter\linkResolver.cpp, line 766]
Event: 0.863 Thread 0x000002a34840fd70 Exception <a 'java/lang/NoSuchMethodError'{0x000000074ecdd2e8}: 'java.lang.Object java.lang.invoke.DirectMethodHandle$Holder.newInvokeSpecial(java.lang.Object, java.lang.Object, java.lang.Object, java.lang.Object, java.lang.Object)'> (0x000000074ecdd2e8) 
thrown [s\src\hotspot\share\interpreter\linkResolver.cpp, line 766]
Event: 0.866 Thread 0x000002a34840fd70 Exception <a 'java/lang/NoSuchMethodError'{0x000000074ed7fab0}: 'java.lang.Object java.lang.invoke.DirectMethodHandle$Holder.invokeStatic(java.lang.Object, int, java.lang.Object)'> (0x000000074ed7fab0) 
thrown [s\src\hotspot\share\interpreter\linkResolver.cpp, line 766]
Event: 0.881 Thread 0x000002a34840fd70 Exception <a 'java/lang/ClassNotFoundException'{0x000000074ea3cd40}: com/sun/swing/internal/plaf/metal/resources/spi/metalProvider> (0x000000074ea3cd40) 
thrown [s\src\hotspot\share\classfile\systemDictionary.cpp, line 255]
Event: 0.882 Thread 0x000002a34840fd70 Exception <a 'java/lang/ClassNotFoundException'{0x000000074ea40df8}: com/sun/swing/internal/plaf/basic/resources/spi/basicProvider> (0x000000074ea40df8) 
thrown [s\src\hotspot\share\classfile\systemDictionary.cpp, line 255]
Event: 0.887 Thread 0x000002a34840fd70 Exception <a 'java/lang/NoSuchMethodError'{0x000000074ea619c0}: 'int java.lang.invoke.Invokers$Holder.invokeExact_MT(java.lang.Object, java.lang.Object)'> (0x000000074ea619c0) 
thrown [s\src\hotspot\share\interpreter\linkResolver.cpp, line 766]
Event: 0.901 Thread 0x000002a368e88e00 Exception <a 'java/lang/NoSuchMethodError'{0x000000074ecf1de0}: 'void java.lang.invoke.DirectMethodHandle$Holder.invokeVirtual(java.lang.Object, java.lang.Object)'> (0x000000074ecf1de0) 
thrown [s\src\hotspot\share\interpreter\linkResolver.cpp, line 766]
Event: 0.912 Thread 0x000002a34840fd70 Exception <a 'java/lang/NoSuchMethodError'{0x000000074eaa2f68}: 'void java.lang.invoke.DirectMethodHandle$Holder.invokeStaticInit(java.lang.Object)'> (0x000000074eaa2f68) 
thrown [s\src\hotspot\share\interpreter\linkResolver.cpp, line 766]
Event: 8.064 Thread 0x000002a3690fefa0 Implicit null exception at 0x000002a3535f8e78 to 0x000002a3535f90a6

VM Operations (20 events):
Event: 4.907 Executing VM operation: Cleanup
Event: 4.908 Executing VM operation: Cleanup done
Event: 5.922 Executing VM operation: Cleanup
Event: 5.922 Executing VM operation: Cleanup done
Event: 6.930 Executing VM operation: Cleanup
Event: 6.930 Executing VM operation: Cleanup done
Event: 7.945 Executing VM operation: Cleanup
Event: 7.945 Executing VM operation: Cleanup done
Event: 8.949 Executing VM operation: Cleanup
Event: 8.949 Executing VM operation: Cleanup done
Event: 47.175 Executing VM operation: Cleanup
Event: 47.175 Executing VM operation: Cleanup done
Event: 62.286 Executing VM operation: Cleanup
Event: 62.286 Executing VM operation: Cleanup done
Event: 63.290 Executing VM operation: Cleanup
Event: 63.291 Executing VM operation: Cleanup done
Event: 71.330 Executing VM operation: Cleanup
Event: 71.330 Executing VM operation: Cleanup done
Event: 78.369 Executing VM operation: Cleanup
Event: 78.369 Executing VM operation: Cleanup done

Events (20 events):
Event: 0.040 Thread 0x000002a3648d8410 Thread added: 0x000002a3648d8410
Event: 0.040 Thread 0x000002a3648d8cc0 Thread added: 0x000002a3648d8cc0
Event: 0.040 Thread 0x000002a3648da580 Thread added: 0x000002a3648da580
Event: 0.040 Thread 0x000002a3648dae30 Thread added: 0x000002a3648dae30
Event: 0.040 Thread 0x000002a368c1d7b0 Thread added: 0x000002a368c1d7b0
Event: 0.040 Thread 0x000002a368c290d0 Thread added: 0x000002a368c290d0
Event: 0.041 Thread 0x000002a368c29db0 Thread added: 0x000002a368c29db0
Event: 0.060 Thread 0x000002a368da6d70 Thread added: 0x000002a368da6d70
Event: 0.063 Thread 0x000002a368dafc00 Thread added: 0x000002a368dafc00
Event: 0.777 Loaded shared library C:\Users\hughw\.p2\pool\plugins\org.eclipse.justj.openjdk.hotspot.jre.full.win32.x86_64_18.0.1.v20220515-1614\jre\bin\jimage.dll
Event: 0.793 Loaded shared library C:\Users\hughw\.p2\pool\plugins\org.eclipse.justj.openjdk.hotspot.jre.full.win32.x86_64_18.0.1.v20220515-1614\jre\bin\awt.dll
Event: 0.831 Thread 0x000002a368e88480 Thread added: 0x000002a368e88480
Event: 0.831 Thread 0x000002a368e88940 Thread added: 0x000002a368e88940
Event: 0.832 Thread 0x000002a368e88e00 Thread added: 0x000002a368e88e00
Event: 0.894 Thread 0x000002a3690949c0 Thread added: 0x000002a3690949c0
Event: 0.900 Thread 0x000002a3690fefa0 Thread added: 0x000002a3690fefa0
Event: 0.915 Loaded shared library C:\Users\hughw\.p2\pool\plugins\org.eclipse.justj.openjdk.hotspot.jre.full.win32.x86_64_18.0.1.v20220515-1614\jre\bin\freetype.dll
Event: 0.916 Loaded shared library C:\Users\hughw\.p2\pool\plugins\org.eclipse.justj.openjdk.hotspot.jre.full.win32.x86_64_18.0.1.v20220515-1614\jre\bin\fontmanager.dll
Event: 0.953 Thread 0x000002a34840fd70 Thread exited: 0x000002a34840fd70
Event: 0.953 Thread 0x000002a34840fd70 Thread added: 0x000002a34840fd70


Dynamic libraries:
0x00007ff670470000 - 0x00007ff67047e000 	C:\Users\hughw\.p2\pool\plugins\org.eclipse.justj.openjdk.hotspot.jre.full.win32.x86_64_18.0.1.v20220515-1614\jre\bin\javaw.exe
0x00007ffb3b230000 - 0x00007ffb3b444000 	C:\WINDOWS\SYSTEM32\ntdll.dll
0x00007ffb39050000 - 0x00007ffb39113000 	C:\WINDOWS\System32\KERNEL32.DLL
0x00007ffb38970000 - 0x00007ffb38d0c000 	C:\WINDOWS\System32\KERNELBASE.dll
0x00007ffb38d10000 - 0x00007ffb38e21000 	C:\WINDOWS\System32\ucrtbase.dll
0x00007ffb2e540000 - 0x00007ffb2e557000 	C:\Users\hughw\.p2\pool\plugins\org.eclipse.justj.openjdk.hotspot.jre.full.win32.x86_64_18.0.1.v20220515-1614\jre\bin\jli.dll
0x00007ffb2e1a0000 - 0x00007ffb2e1b9000 	C:\Users\hughw\.p2\pool\plugins\org.eclipse.justj.openjdk.hotspot.jre.full.win32.x86_64_18.0.1.v20220515-1614\jre\bin\VCRUNTIME140.dll
0x00007ffb3a9d0000 - 0x00007ffb3ab7d000 	C:\WINDOWS\System32\USER32.dll
0x00007ffb38ef0000 - 0x00007ffb38f16000 	C:\WINDOWS\System32\win32u.dll
0x00007ffb17f10000 - 0x00007ffb1819e000 	C:\WINDOWS\WinSxS\amd64_microsoft.windows.common-controls_6595b64144ccf1df_6.0.22621.608_none_a9444ca7c10bb01d\COMCTL32.dll
0x00007ffb3a8e0000 - 0x00007ffb3a909000 	C:\WINDOWS\System32\GDI32.dll
0x00007ffb3a2a0000 - 0x00007ffb3a347000 	C:\WINDOWS\System32\msvcrt.dll
0x00007ffb38670000 - 0x00007ffb38783000 	C:\WINDOWS\System32\gdi32full.dll
0x00007ffb38fa0000 - 0x00007ffb3903a000 	C:\WINDOWS\System32\msvcp_win.dll
0x00007ffb39a70000 - 0x00007ffb39aa1000 	C:\WINDOWS\System32\IMM32.DLL
0x00007ffb329e0000 - 0x00007ffb329ec000 	C:\Users\hughw\.p2\pool\plugins\org.eclipse.justj.openjdk.hotspot.jre.full.win32.x86_64_18.0.1.v20220515-1614\jre\bin\vcruntime140_1.dll
0x00007ffb0fae0000 - 0x00007ffb0fb71000 	C:\Users\hughw\.p2\pool\plugins\org.eclipse.justj.openjdk.hotspot.jre.full.win32.x86_64_18.0.1.v20220515-1614\jre\bin\msvcp140.dll
0x00007ffac79f0000 - 0x00007ffac8679000 	C:\Users\hughw\.p2\pool\plugins\org.eclipse.justj.openjdk.hotspot.jre.full.win32.x86_64_18.0.1.v20220515-1614\jre\bin\server\jvm.dll
0x00007ffb3a450000 - 0x00007ffb3a4fe000 	C:\WINDOWS\System32\ADVAPI32.dll
0x00007ffb3b0c0000 - 0x00007ffb3b164000 	C:\WINDOWS\System32\sechost.dll
0x00007ffb3a730000 - 0x00007ffb3a845000 	C:\WINDOWS\System32\RPCRT4.dll
0x00007ffb39040000 - 0x00007ffb39048000 	C:\WINDOWS\System32\PSAPI.DLL
0x00007ffb32990000 - 0x00007ffb329c4000 	C:\WINDOWS\SYSTEM32\WINMM.dll
0x00007ffb2ef10000 - 0x00007ffb2ef19000 	C:\WINDOWS\SYSTEM32\WSOCK32.dll
0x00007ffb32c20000 - 0x00007ffb32c2a000 	C:\WINDOWS\SYSTEM32\VERSION.dll
0x00007ffb399f0000 - 0x00007ffb39a61000 	C:\WINDOWS\System32\WS2_32.dll
0x00007ffb376c0000 - 0x00007ffb376d8000 	C:\WINDOWS\SYSTEM32\kernel.appcore.dll
0x00007ffb29e30000 - 0x00007ffb29e3a000 	C:\Users\hughw\.p2\pool\plugins\org.eclipse.justj.openjdk.hotspot.jre.full.win32.x86_64_18.0.1.v20220515-1614\jre\bin\jimage.dll
0x00007ffb35cd0000 - 0x00007ffb35efe000 	C:\WINDOWS\SYSTEM32\DBGHELP.DLL
0x00007ffb3ad30000 - 0x00007ffb3b0b9000 	C:\WINDOWS\System32\combase.dll
0x00007ffb39120000 - 0x00007ffb391f7000 	C:\WINDOWS\System32\OLEAUT32.dll
0x00007ffb2d510000 - 0x00007ffb2d542000 	C:\WINDOWS\SYSTEM32\dbgcore.DLL
0x00007ffb38f20000 - 0x00007ffb38f9b000 	C:\WINDOWS\System32\bcryptPrimitives.dll
0x00007ffb29c70000 - 0x00007ffb29c95000 	C:\Users\hughw\.p2\pool\plugins\org.eclipse.justj.openjdk.hotspot.jre.full.win32.x86_64_18.0.1.v20220515-1614\jre\bin\java.dll
0x00007ffb299d0000 - 0x00007ffb299e8000 	C:\Users\hughw\.p2\pool\plugins\org.eclipse.justj.openjdk.hotspot.jre.full.win32.x86_64_18.0.1.v20220515-1614\jre\bin\zip.dll
0x00007ffb39ab0000 - 0x00007ffb3a2a0000 	C:\WINDOWS\System32\SHELL32.dll
0x00007ffb36680000 - 0x00007ffb36f4e000 	C:\WINDOWS\SYSTEM32\windows.storage.dll
0x00007ffb36540000 - 0x00007ffb3667e000 	C:\WINDOWS\SYSTEM32\wintypes.dll
0x00007ffb3a350000 - 0x00007ffb3a441000 	C:\WINDOWS\System32\SHCORE.dll
0x00007ffb3a6d0000 - 0x00007ffb3a72e000 	C:\WINDOWS\System32\shlwapi.dll
0x00007ffb385a0000 - 0x00007ffb385c1000 	C:\WINDOWS\SYSTEM32\profapi.dll
0x00007ffb01120000 - 0x00007ffb012ae000 	C:\Users\hughw\.p2\pool\plugins\org.eclipse.justj.openjdk.hotspot.jre.full.win32.x86_64_18.0.1.v20220515-1614\jre\bin\awt.dll
0x00007ffb34d60000 - 0x00007ffb34df7000 	C:\WINDOWS\SYSTEM32\apphelp.dll
0x00007ffb35930000 - 0x00007ffb3595b000 	C:\WINDOWS\system32\DWMAPI.DLL
0x00007ffb355a0000 - 0x00007ffb3564b000 	C:\WINDOWS\system32\uxtheme.dll
0x00007ffb174c0000 - 0x00007ffb175c0000 	C:\WINDOWS\system32\opengl32.dll
0x00007ffb2a8e0000 - 0x00007ffb2a90d000 	C:\WINDOWS\SYSTEM32\GLU32.dll
0x00007ffb356e0000 - 0x00007ffb35716000 	C:\WINDOWS\SYSTEM32\dxcore.dll
0x00007ffb396e0000 - 0x00007ffb397fe000 	C:\WINDOWS\System32\MSCTF.dll
0x00007ffb39850000 - 0x00007ffb399ec000 	C:\WINDOWS\System32\ole32.dll
0x00007ffb27ac0000 - 0x00007ffb27b49000 	C:\Users\hughw\.p2\pool\plugins\org.eclipse.justj.openjdk.hotspot.jre.full.win32.x86_64_18.0.1.v20220515-1614\jre\bin\freetype.dll
0x00007ffaf16b0000 - 0x00007ffaf1758000 	C:\Users\hughw\.p2\pool\plugins\org.eclipse.justj.openjdk.hotspot.jre.full.win32.x86_64_18.0.1.v20220515-1614\jre\bin\fontmanager.dll
0x00007ffb2e030000 - 0x00007ffb2e15e000 	C:\WINDOWS\SYSTEM32\textinputframework.dll
0x00007ffb2b980000 - 0x00007ffb2b9e9000 	C:\WINDOWS\system32\Oleacc.dll
0x00007ffb346b0000 - 0x00007ffb347e3000 	C:\WINDOWS\SYSTEM32\CoreMessaging.dll
0x00007ffb2e5b0000 - 0x00007ffb2e91c000 	C:\WINDOWS\SYSTEM32\CoreUIComponents.dll
0x00007ffb37d90000 - 0x00007ffb37d9c000 	C:\WINDOWS\SYSTEM32\CRYPTBASE.DLL

dbghelp: loaded successfully - version: 4.0.5 - missing functions: none
symbol engine: initialized successfully - sym options: 0x614 - pdb path: .;C:\Users\hughw\.p2\pool\plugins\org.eclipse.justj.openjdk.hotspot.jre.full.win32.x86_64_18.0.1.v20220515-1614\jre\bin;C:\WINDOWS\SYSTEM32;C:\WINDOWS\WinSxS\amd64_microsoft.windows.common-controls_6595b64144ccf1df_6.0.22621.608_none_a9444ca7c10bb01d;C:\Users\hughw\.p2\pool\plugins\org.eclipse.justj.openjdk.hotspot.jre.full.win32.x86_64_18.0.1.v20220515-1614\jre\bin\server

VM Arguments:
jvm_args: -Dfile.encoding=UTF-8 -XX:+ShowCodeDetailsInExceptionMessages 
java_command: platformerTest.Main
java_class_path (initial): C:\Users\hughw\eclipse-workspace\PlatformerTest\bin
Launcher Type: SUN_STANDARD

[Global flags]
     intx CICompilerCount                          = 4                                         {product} {ergonomic}
     uint ConcGCThreads                            = 2                                         {product} {ergonomic}
     uint G1ConcRefinementThreads                  = 8                                         {product} {ergonomic}
   size_t G1HeapRegionSize                         = 2097152                                   {product} {ergonomic}
    uintx GCDrainStackTargetSize                   = 64                                        {product} {ergonomic}
   size_t InitialHeapSize                          = 199229440                                 {product} {ergonomic}
   size_t MarkStackSize                            = 4194304                                   {product} {ergonomic}
   size_t MaxHeapSize                              = 3168796672                                {product} {ergonomic}
   size_t MaxNewSize                               = 1900019712                                {product} {ergonomic}
   size_t MinHeapDeltaBytes                        = 2097152                                   {product} {ergonomic}
   size_t MinHeapSize                              = 8388608                                   {product} {ergonomic}
    uintx NonNMethodCodeHeapSize                   = 5839372                                {pd product} {ergonomic}
    uintx NonProfiledCodeHeapSize                  = 122909434                              {pd product} {ergonomic}
    uintx ProfiledCodeHeapSize                     = 122909434                              {pd product} {ergonomic}
    uintx ReservedCodeCacheSize                    = 251658240                              {pd product} {ergonomic}
     bool SegmentedCodeCache                       = true                                      {product} {ergonomic}
     bool ShowCodeDetailsInExceptionMessages       = true                                   {manageable} {command line}
   size_t SoftMaxHeapSize                          = 3168796672                             {manageable} {ergonomic}
     bool UseCompressedClassPointers               = true                           {product lp64_product} {ergonomic}
     bool UseCompressedOops                        = true                           {product lp64_product} {ergonomic}
     bool UseG1GC                                  = true                                      {product} {ergonomic}
     bool UseLargePagesIndividualAllocation        = false                                  {pd product} {ergonomic}

Logging:
Log output configuration:
 #0: stdout all=warning uptime,level,tags foldmultilines=false
 #1: stderr all=off uptime,level,tags foldmultilines=false

Environment Variables:
JAVA_HOME=C:\Program Files\Java\jdk1.8.0_351
PATH=C:/Users/hughw/.p2/pool/plugins/org.eclipse.justj.openjdk.hotspot.jre.full.win32.x86_64_18.0.1.v20220515-1614/jre/bin/server;C:/Users/hughw/.p2/pool/plugins/org.eclipse.justj.openjdk.hotspot.jre.full.win32.x86_64_18.0.1.v20220515-1614/jre/bin;C:\Program Files\Common Files\Oracle\Java\javapath;C:\Program Files (x86)\Common Files\Oracle\Java\javapath;C:\WINDOWS\system32;C:\WINDOWS;C:\WINDOWS\System32\Wbem;C:\WINDOWS\System32\WindowsPowerShell\v1.0\;C:\WINDOWS\System32\OpenSSH\;C:\Program Files (x86)\Windows Live\Shared;C:\Program Files (x86)\Common Files\Propellerhead Software\ReWire\;C:\Program Files\Common Files\Propellerhead Software\ReWire\;C:\Program Files\Git\cmd;C:\Program Files\Java\jdk1.8.0_351\bin;C:\Users\hughw\AppData\Local\Programs\Python\Python310\Scripts\;C:\Users\hughw\AppData\Local\Programs\Python\Python310\;C:\Users\hughw\AppData\Local\Microsoft\WindowsApps;C:\Users\hughw\AppData\Local\GitHubDesktop\bin;C:\Users\hughw\AppData\Local\Programs\Microsoft VS Code\bin;C:\Gradle\gradle-7.5.1\bin;C:\Program Files\Apache Software Foundation\apache-maven-3.8.6\bin;;C:\Users\hughw\eclipse\java-2022-033\eclipse;
USERNAME=hughw
OS=Windows_NT
PROCESSOR_IDENTIFIER=Intel64 Family 6 Model 140 Stepping 1, GenuineIntel



---------------  S Y S T E M  ---------------

OS:
 Windows 11 , 64 bit Build 22621 (10.0.22621.1344)
OS uptime: 17 days 10:51 hours

CPU: total 8 (initial active 8) (4 cores per cpu, 2 threads per core) family 6 model 140 stepping 1 microcode 0x52, cx8, cmov, fxsr, ht, mmx, 3dnowpref, sse, sse2, sse3, ssse3, sse4.1, sse4.2, popcnt, lzcnt, tsc, tscinvbit, avx, avx2, aes, erms, clmul, bmi1, bmi2, adx, avx512f, avx512dq, avx512cd, avx512bw, avx512vl, sha, fma, vzeroupper, avx512_vpopcntdq, avx512_vpclmulqdq, avx512_vaes, avx512_vnni, clflush, clflushopt, clwb, avx512_vbmi2, avx512_vbmi

Memory: 4k page, system-wide physical 12087M (488M free)
TotalPageFile size 48951M (AvailPageFile size 0M)
current process WorkingSet (physical memory assigned to process): 72M, peak: 85M
current process commit charge ("private bytes"): 289M, peak: 303M

vm_info: OpenJDK 64-Bit Server VM (18.0.1+10) for windows-amd64 JRE (18.0.1+10), built on Apr 20 2022 05:04:48 by "" with MS VC++ 16.7 (VS2019)

END.
