#
# There is insufficient memory for the Java Runtime Environment to continue.
# Native memory allocation (malloc) failed to allocate 32744 bytes for Chunk::new
# Possible reasons:
#   The system is out of physical RAM or swap space
#   The process is running with CompressedOops enabled, and the Java Heap may be blocking the growth of the native heap
# Possible solutions:
#   Reduce memory load on the system
#   Increase physical memory or swap space
#   Check if swap backing store is full
#   Decrease Java heap size (-Xmx/-Xms)
#   Decrease number of Java threads
#   Decrease Java thread stack sizes (-Xss)
#   Set larger code cache with -XX:ReservedCodeCacheSize=
#   JVM is running with Zero Based Compressed Oops mode in which the Java heap is
#     placed in the first 32GB address space. The Java Heap base address is the
#     maximum limit for the native heap growth. Please use -XX:HeapBaseMinAddress
#     to set the Java Heap base and to place the Java Heap above 32GB virtual address.
# This output file may be truncated or incomplete.
#
#  Out of Memory Error (arena.cpp:184), pid=41548, tid=43712
#
# JRE version: OpenJDK Runtime Environment Temurin-18.0.1+10 (18.0.1+10) (build 18.0.1+10)
# Java VM: OpenJDK 64-Bit Server VM Temurin-18.0.1+10 (18.0.1+10, mixed mode, tiered, compressed oops, compressed class ptrs, g1 gc, windows-amd64)
# No core dump will be written. Minidumps are not enabled by default on client versions of Windows
#

---------------  S U M M A R Y ------------

Command Line: -Dfile.encoding=UTF-8 -XX:+ShowCodeDetailsInExceptionMessages platformerTest.Main

Host: 11th Gen Intel(R) Core(TM) i7-1165G7 @ 2.80GHz, 8 cores, 11G,  Windows 11 , 64 bit Build 22621 (10.0.22621.1344)
Time: Mon Apr 24 16:24:24 2023 AUS Eastern Standard Time elapsed time: 118.856973 seconds (0d 0h 1m 58s)

---------------  T H R E A D  ---------------

Current thread (0x0000020b1e928120):  JavaThread "C2 CompilerThread0" daemon [_thread_in_native, id=43712, stack(0x000000dd8b200000,0x000000dd8b300000)]


Current CompileTask:
C2: 118857 1179       4       java.awt.EventQueue::dispatchEvent (80 bytes)

Stack: [0x000000dd8b200000,0x000000dd8b300000]
Native frames: (J=compiled Java code, j=interpreted, Vv=VM code, C=native code)
V  [jvm.dll+0x69cd4a]
V  [jvm.dll+0x84b63d]
V  [jvm.dll+0x84cf4e]
V  [jvm.dll+0x84d603]
V  [jvm.dll+0x25f19f]
V  [jvm.dll+0xba54f]
V  [jvm.dll+0xba8c5]
V  [jvm.dll+0xba66b]
V  [jvm.dll+0x83527c]
V  [jvm.dll+0x238cc3]
V  [jvm.dll+0x6bfa2d]
V  [jvm.dll+0x233553]
V  [jvm.dll+0x23140b]
V  [jvm.dll+0x1bbd3c]
V  [jvm.dll+0x240faa]
V  [jvm.dll+0x23f275]
V  [jvm.dll+0x7fdcfb]
V  [jvm.dll+0x7f814a]
V  [jvm.dll+0x69bba5]
C  [ucrtbase.dll+0x29363]
C  [KERNEL32.DLL+0x126bd]
C  [ntdll.dll+0x5a9f8]


---------------  P R O C E S S  ---------------

Threads class SMR info:
_java_thread_list=0x0000020b1efdc090, length=17, elements={
0x0000020b1a68c020, 0x0000020b1a68d4e0, 0x0000020b1e922e30, 0x0000020b1e9236e0,
0x0000020b1e926090, 0x0000020b1e927450, 0x0000020b1e928120, 0x0000020b1e987980,
0x0000020b1e9b9010, 0x0000020b1ead6330, 0x0000020b1eb07910, 0x0000020b1ebe9eb0,
0x0000020b1ebf8420, 0x0000020b1ebf88e0, 0x0000020b1ef99010, 0x0000020b1ef9c3a0,
0x0000020b7e27e4c0
}

Java Threads: ( => current thread )
  0x0000020b1a68c020 JavaThread "Reference Handler" daemon [_thread_blocked, id=26288, stack(0x000000dd8ac00000,0x000000dd8ad00000)]
  0x0000020b1a68d4e0 JavaThread "Finalizer" daemon [_thread_blocked, id=30128, stack(0x000000dd8ad00000,0x000000dd8ae00000)]
  0x0000020b1e922e30 JavaThread "Signal Dispatcher" daemon [_thread_blocked, id=43652, stack(0x000000dd8ae00000,0x000000dd8af00000)]
  0x0000020b1e9236e0 JavaThread "Attach Listener" daemon [_thread_blocked, id=43656, stack(0x000000dd8af00000,0x000000dd8b000000)]
  0x0000020b1e926090 JavaThread "Service Thread" daemon [_thread_blocked, id=43704, stack(0x000000dd8b000000,0x000000dd8b100000)]
  0x0000020b1e927450 JavaThread "Monitor Deflation Thread" daemon [_thread_blocked, id=43700, stack(0x000000dd8b100000,0x000000dd8b200000)]
=>0x0000020b1e928120 JavaThread "C2 CompilerThread0" daemon [_thread_in_native, id=43712, stack(0x000000dd8b200000,0x000000dd8b300000)]
  0x0000020b1e987980 JavaThread "C1 CompilerThread0" daemon [_thread_blocked, id=15972, stack(0x000000dd8b300000,0x000000dd8b400000)]
  0x0000020b1e9b9010 JavaThread "Sweeper thread" daemon [_thread_blocked, id=33228, stack(0x000000dd8b400000,0x000000dd8b500000)]
  0x0000020b1ead6330 JavaThread "Notification Thread" daemon [_thread_blocked, id=43708, stack(0x000000dd8b500000,0x000000dd8b600000)]
  0x0000020b1eb07910 JavaThread "Common-Cleaner" daemon [_thread_blocked, id=43724, stack(0x000000dd8b700000,0x000000dd8b800000)]
  0x0000020b1ebe9eb0 JavaThread "Java2D Disposer" daemon [_thread_blocked, id=43728, stack(0x000000dd8b800000,0x000000dd8b900000)]
  0x0000020b1ebf8420 JavaThread "AWT-Shutdown" [_thread_blocked, id=36396, stack(0x000000dd8b900000,0x000000dd8ba00000)]
  0x0000020b1ebf88e0 JavaThread "AWT-Windows" daemon [_thread_in_native, id=43732, stack(0x000000dd8ba00000,0x000000dd8bb00000)]
  0x0000020b1ef99010 JavaThread "TimerQueue" daemon [_thread_blocked, id=43736, stack(0x000000dd8bb00000,0x000000dd8bc00000)]
  0x0000020b1ef9c3a0 JavaThread "AWT-EventQueue-0" [_thread_blocked, id=42064, stack(0x000000dd8bc00000,0x000000dd8bd00000)]
  0x0000020b7e27e4c0 JavaThread "DestroyJavaVM" [_thread_blocked, id=36172, stack(0x000000dd8a500000,0x000000dd8a600000)]

Other Threads:
  0x0000020b7e2f1150 VMThread "VM Thread" [stack: 0x000000dd8ab00000,0x000000dd8ac00000] [id=41552]
  0x0000020b1eaf9640 WatcherThread "VM Periodic Task Thread" [stack: 0x000000dd8b600000,0x000000dd8b700000] [id=43720]
  0x0000020b7e2dc460 WorkerThread "GC Thread#0" [stack: 0x000000dd8a600000,0x000000dd8a700000] [id=29560]
  0x0000020b7e2e9060 ConcurrentGCThread "G1 Main Marker" [stack: 0x000000dd8a700000,0x000000dd8a800000] [id=39632]
  0x0000020b7e2e9a50 WorkerThread "G1 Conc#0" [stack: 0x000000dd8a800000,0x000000dd8a900000] [id=14756]
  0x0000020b1a4d3cb0 ConcurrentGCThread "G1 Refine#0" [stack: 0x000000dd8a900000,0x000000dd8aa00000] [id=21768]
  0x0000020b7e32a7a0 ConcurrentGCThread "G1 Service" [stack: 0x000000dd8aa00000,0x000000dd8ab00000] [id=40488]

Threads with active compile tasks:
C2 CompilerThread0   118868 1179       4       java.awt.EventQueue::dispatchEvent (80 bytes)

VM state: not at safepoint (normal execution)

VM Mutex/Monitor currently owned by a thread: None

Heap address: 0x0000000743200000, size: 3022 MB, Compressed Oops mode: Zero based, Oop shift amount: 3

CDS archive(s) not mapped
Compressed class space mapped at: 0x0000000800000000-0x0000000840000000, reserved size: 1073741824
Narrow klass base: 0x0000000800000000, Narrow klass shift: 0, Narrow klass range: 0x40000000

GC Precious Log:
 CardTable entry size: 512
 Card Set container configuration: InlinePtr #cards 4 size 8 Array Of Cards #cards 16 size 48 Howl #buckets 8 coarsen threshold 3686 Howl Bitmap #cards 512 size 80 coarsen threshold 460 Card regions per heap region 1 cards per card region 4096
 CPUs: 8 total, 8 available
 Memory: 12087M
 Large Page Support: Disabled
 NUMA Support: Disabled
 Compressed Oops: Enabled (Zero based)
 Heap Region Size: 2M
 Heap Min Capacity: 8M
 Heap Initial Capacity: 190M
 Heap Max Capacity: 3022M
 Pre-touch: Disabled
 Parallel Workers: 8
 Concurrent Workers: 2
 Concurrent Refinement Workers: 8
 Periodic GC: Disabled

Heap:
 garbage-first heap   total 194560K, used 12288K [0x0000000743200000, 0x0000000800000000)
  region size 2048K, 5 young (10240K), 0 survivors (0K)
 Metaspace       used 12666K, committed 12864K, reserved 1114112K
  class space    used 1166K, committed 1280K, reserved 1048576K

Heap Regions: E=young(eden), S=young(survivor), O=old, HS=humongous(starts), HC=humongous(continues), CS=collection set, F=free, OA=open archive, CA=closed archive, TAMS=top-at-mark-start (previous, next)
|   0|0x0000000743200000, 0x0000000743400000, 0x0000000743400000|100%|HS|  |TAMS 0x0000000743200000, 0x0000000743200000| Complete 
|   1|0x0000000743400000, 0x0000000743600000, 0x0000000743600000|100%|HC|  |TAMS 0x0000000743400000, 0x0000000743400000| Complete 
|   2|0x0000000743600000, 0x0000000743600000, 0x0000000743800000|  0%| F|  |TAMS 0x0000000743600000, 0x0000000743600000| Untracked 
|   3|0x0000000743800000, 0x0000000743800000, 0x0000000743a00000|  0%| F|  |TAMS 0x0000000743800000, 0x0000000743800000| Untracked 
|   4|0x0000000743a00000, 0x0000000743a00000, 0x0000000743c00000|  0%| F|  |TAMS 0x0000000743a00000, 0x0000000743a00000| Untracked 
|   5|0x0000000743c00000, 0x0000000743c00000, 0x0000000743e00000|  0%| F|  |TAMS 0x0000000743c00000, 0x0000000743c00000| Untracked 
|   6|0x0000000743e00000, 0x0000000743e00000, 0x0000000744000000|  0%| F|  |TAMS 0x0000000743e00000, 0x0000000743e00000| Untracked 
|   7|0x0000000744000000, 0x0000000744000000, 0x0000000744200000|  0%| F|  |TAMS 0x0000000744000000, 0x0000000744000000| Untracked 
|   8|0x0000000744200000, 0x0000000744200000, 0x0000000744400000|  0%| F|  |TAMS 0x0000000744200000, 0x0000000744200000| Untracked 
|   9|0x0000000744400000, 0x0000000744400000, 0x0000000744600000|  0%| F|  |TAMS 0x0000000744400000, 0x0000000744400000| Untracked 
|  10|0x0000000744600000, 0x0000000744600000, 0x0000000744800000|  0%| F|  |TAMS 0x0000000744600000, 0x0000000744600000| Untracked 
|  11|0x0000000744800000, 0x0000000744800000, 0x0000000744a00000|  0%| F|  |TAMS 0x0000000744800000, 0x0000000744800000| Untracked 
|  12|0x0000000744a00000, 0x0000000744a00000, 0x0000000744c00000|  0%| F|  |TAMS 0x0000000744a00000, 0x0000000744a00000| Untracked 
|  13|0x0000000744c00000, 0x0000000744c00000, 0x0000000744e00000|  0%| F|  |TAMS 0x0000000744c00000, 0x0000000744c00000| Untracked 
|  14|0x0000000744e00000, 0x0000000744e00000, 0x0000000745000000|  0%| F|  |TAMS 0x0000000744e00000, 0x0000000744e00000| Untracked 
|  15|0x0000000745000000, 0x0000000745000000, 0x0000000745200000|  0%| F|  |TAMS 0x0000000745000000, 0x0000000745000000| Untracked 
|  16|0x0000000745200000, 0x0000000745200000, 0x0000000745400000|  0%| F|  |TAMS 0x0000000745200000, 0x0000000745200000| Untracked 
|  17|0x0000000745400000, 0x0000000745400000, 0x0000000745600000|  0%| F|  |TAMS 0x0000000745400000, 0x0000000745400000| Untracked 
|  18|0x0000000745600000, 0x0000000745600000, 0x0000000745800000|  0%| F|  |TAMS 0x0000000745600000, 0x0000000745600000| Untracked 
|  19|0x0000000745800000, 0x0000000745800000, 0x0000000745a00000|  0%| F|  |TAMS 0x0000000745800000, 0x0000000745800000| Untracked 
|  20|0x0000000745a00000, 0x0000000745a00000, 0x0000000745c00000|  0%| F|  |TAMS 0x0000000745a00000, 0x0000000745a00000| Untracked 
|  21|0x0000000745c00000, 0x0000000745c00000, 0x0000000745e00000|  0%| F|  |TAMS 0x0000000745c00000, 0x0000000745c00000| Untracked 
|  22|0x0000000745e00000, 0x0000000745e00000, 0x0000000746000000|  0%| F|  |TAMS 0x0000000745e00000, 0x0000000745e00000| Untracked 
|  23|0x0000000746000000, 0x0000000746000000, 0x0000000746200000|  0%| F|  |TAMS 0x0000000746000000, 0x0000000746000000| Untracked 
|  24|0x0000000746200000, 0x0000000746200000, 0x0000000746400000|  0%| F|  |TAMS 0x0000000746200000, 0x0000000746200000| Untracked 
|  25|0x0000000746400000, 0x0000000746400000, 0x0000000746600000|  0%| F|  |TAMS 0x0000000746400000, 0x0000000746400000| Untracked 
|  26|0x0000000746600000, 0x0000000746600000, 0x0000000746800000|  0%| F|  |TAMS 0x0000000746600000, 0x0000000746600000| Untracked 
|  27|0x0000000746800000, 0x0000000746800000, 0x0000000746a00000|  0%| F|  |TAMS 0x0000000746800000, 0x0000000746800000| Untracked 
|  28|0x0000000746a00000, 0x0000000746a00000, 0x0000000746c00000|  0%| F|  |TAMS 0x0000000746a00000, 0x0000000746a00000| Untracked 
|  29|0x0000000746c00000, 0x0000000746c00000, 0x0000000746e00000|  0%| F|  |TAMS 0x0000000746c00000, 0x0000000746c00000| Untracked 
|  30|0x0000000746e00000, 0x0000000746e00000, 0x0000000747000000|  0%| F|  |TAMS 0x0000000746e00000, 0x0000000746e00000| Untracked 
|  31|0x0000000747000000, 0x0000000747000000, 0x0000000747200000|  0%| F|  |TAMS 0x0000000747000000, 0x0000000747000000| Untracked 
|  32|0x0000000747200000, 0x0000000747200000, 0x0000000747400000|  0%| F|  |TAMS 0x0000000747200000, 0x0000000747200000| Untracked 
|  33|0x0000000747400000, 0x0000000747400000, 0x0000000747600000|  0%| F|  |TAMS 0x0000000747400000, 0x0000000747400000| Untracked 
|  34|0x0000000747600000, 0x0000000747600000, 0x0000000747800000|  0%| F|  |TAMS 0x0000000747600000, 0x0000000747600000| Untracked 
|  35|0x0000000747800000, 0x0000000747800000, 0x0000000747a00000|  0%| F|  |TAMS 0x0000000747800000, 0x0000000747800000| Untracked 
|  36|0x0000000747a00000, 0x0000000747a00000, 0x0000000747c00000|  0%| F|  |TAMS 0x0000000747a00000, 0x0000000747a00000| Untracked 
|  37|0x0000000747c00000, 0x0000000747c00000, 0x0000000747e00000|  0%| F|  |TAMS 0x0000000747c00000, 0x0000000747c00000| Untracked 
|  38|0x0000000747e00000, 0x0000000747e00000, 0x0000000748000000|  0%| F|  |TAMS 0x0000000747e00000, 0x0000000747e00000| Untracked 
|  39|0x0000000748000000, 0x0000000748000000, 0x0000000748200000|  0%| F|  |TAMS 0x0000000748000000, 0x0000000748000000| Untracked 
|  40|0x0000000748200000, 0x0000000748200000, 0x0000000748400000|  0%| F|  |TAMS 0x0000000748200000, 0x0000000748200000| Untracked 
|  41|0x0000000748400000, 0x0000000748400000, 0x0000000748600000|  0%| F|  |TAMS 0x0000000748400000, 0x0000000748400000| Untracked 
|  42|0x0000000748600000, 0x0000000748600000, 0x0000000748800000|  0%| F|  |TAMS 0x0000000748600000, 0x0000000748600000| Untracked 
|  43|0x0000000748800000, 0x0000000748800000, 0x0000000748a00000|  0%| F|  |TAMS 0x0000000748800000, 0x0000000748800000| Untracked 
|  44|0x0000000748a00000, 0x0000000748a00000, 0x0000000748c00000|  0%| F|  |TAMS 0x0000000748a00000, 0x0000000748a00000| Untracked 
|  45|0x0000000748c00000, 0x0000000748c00000, 0x0000000748e00000|  0%| F|  |TAMS 0x0000000748c00000, 0x0000000748c00000| Untracked 
|  46|0x0000000748e00000, 0x0000000748e00000, 0x0000000749000000|  0%| F|  |TAMS 0x0000000748e00000, 0x0000000748e00000| Untracked 
|  47|0x0000000749000000, 0x0000000749000000, 0x0000000749200000|  0%| F|  |TAMS 0x0000000749000000, 0x0000000749000000| Untracked 
|  48|0x0000000749200000, 0x0000000749200000, 0x0000000749400000|  0%| F|  |TAMS 0x0000000749200000, 0x0000000749200000| Untracked 
|  49|0x0000000749400000, 0x0000000749400000, 0x0000000749600000|  0%| F|  |TAMS 0x0000000749400000, 0x0000000749400000| Untracked 
|  50|0x0000000749600000, 0x0000000749600000, 0x0000000749800000|  0%| F|  |TAMS 0x0000000749600000, 0x0000000749600000| Untracked 
|  51|0x0000000749800000, 0x0000000749800000, 0x0000000749a00000|  0%| F|  |TAMS 0x0000000749800000, 0x0000000749800000| Untracked 
|  52|0x0000000749a00000, 0x0000000749a00000, 0x0000000749c00000|  0%| F|  |TAMS 0x0000000749a00000, 0x0000000749a00000| Untracked 
|  53|0x0000000749c00000, 0x0000000749c00000, 0x0000000749e00000|  0%| F|  |TAMS 0x0000000749c00000, 0x0000000749c00000| Untracked 
|  54|0x0000000749e00000, 0x0000000749e00000, 0x000000074a000000|  0%| F|  |TAMS 0x0000000749e00000, 0x0000000749e00000| Untracked 
|  55|0x000000074a000000, 0x000000074a000000, 0x000000074a200000|  0%| F|  |TAMS 0x000000074a000000, 0x000000074a000000| Untracked 
|  56|0x000000074a200000, 0x000000074a200000, 0x000000074a400000|  0%| F|  |TAMS 0x000000074a200000, 0x000000074a200000| Untracked 
|  57|0x000000074a400000, 0x000000074a400000, 0x000000074a600000|  0%| F|  |TAMS 0x000000074a400000, 0x000000074a400000| Untracked 
|  58|0x000000074a600000, 0x000000074a600000, 0x000000074a800000|  0%| F|  |TAMS 0x000000074a600000, 0x000000074a600000| Untracked 
|  59|0x000000074a800000, 0x000000074a800000, 0x000000074aa00000|  0%| F|  |TAMS 0x000000074a800000, 0x000000074a800000| Untracked 
|  60|0x000000074aa00000, 0x000000074aa00000, 0x000000074ac00000|  0%| F|  |TAMS 0x000000074aa00000, 0x000000074aa00000| Untracked 
|  61|0x000000074ac00000, 0x000000074ac00000, 0x000000074ae00000|  0%| F|  |TAMS 0x000000074ac00000, 0x000000074ac00000| Untracked 
|  62|0x000000074ae00000, 0x000000074ae00000, 0x000000074b000000|  0%| F|  |TAMS 0x000000074ae00000, 0x000000074ae00000| Untracked 
|  63|0x000000074b000000, 0x000000074b000000, 0x000000074b200000|  0%| F|  |TAMS 0x000000074b000000, 0x000000074b000000| Untracked 
|  64|0x000000074b200000, 0x000000074b200000, 0x000000074b400000|  0%| F|  |TAMS 0x000000074b200000, 0x000000074b200000| Untracked 
|  65|0x000000074b400000, 0x000000074b400000, 0x000000074b600000|  0%| F|  |TAMS 0x000000074b400000, 0x000000074b400000| Untracked 
|  66|0x000000074b600000, 0x000000074b600000, 0x000000074b800000|  0%| F|  |TAMS 0x000000074b600000, 0x000000074b600000| Untracked 
|  67|0x000000074b800000, 0x000000074b800000, 0x000000074ba00000|  0%| F|  |TAMS 0x000000074b800000, 0x000000074b800000| Untracked 
|  68|0x000000074ba00000, 0x000000074ba00000, 0x000000074bc00000|  0%| F|  |TAMS 0x000000074ba00000, 0x000000074ba00000| Untracked 
|  69|0x000000074bc00000, 0x000000074bc00000, 0x000000074be00000|  0%| F|  |TAMS 0x000000074bc00000, 0x000000074bc00000| Untracked 
|  70|0x000000074be00000, 0x000000074be00000, 0x000000074c000000|  0%| F|  |TAMS 0x000000074be00000, 0x000000074be00000| Untracked 
|  71|0x000000074c000000, 0x000000074c000000, 0x000000074c200000|  0%| F|  |TAMS 0x000000074c000000, 0x000000074c000000| Untracked 
|  72|0x000000074c200000, 0x000000074c200000, 0x000000074c400000|  0%| F|  |TAMS 0x000000074c200000, 0x000000074c200000| Untracked 
|  73|0x000000074c400000, 0x000000074c400000, 0x000000074c600000|  0%| F|  |TAMS 0x000000074c400000, 0x000000074c400000| Untracked 
|  74|0x000000074c600000, 0x000000074c600000, 0x000000074c800000|  0%| F|  |TAMS 0x000000074c600000, 0x000000074c600000| Untracked 
|  75|0x000000074c800000, 0x000000074c800000, 0x000000074ca00000|  0%| F|  |TAMS 0x000000074c800000, 0x000000074c800000| Untracked 
|  76|0x000000074ca00000, 0x000000074ca00000, 0x000000074cc00000|  0%| F|  |TAMS 0x000000074ca00000, 0x000000074ca00000| Untracked 
|  77|0x000000074cc00000, 0x000000074cc00000, 0x000000074ce00000|  0%| F|  |TAMS 0x000000074cc00000, 0x000000074cc00000| Untracked 
|  78|0x000000074ce00000, 0x000000074ce00000, 0x000000074d000000|  0%| F|  |TAMS 0x000000074ce00000, 0x000000074ce00000| Untracked 
|  79|0x000000074d000000, 0x000000074d000000, 0x000000074d200000|  0%| F|  |TAMS 0x000000074d000000, 0x000000074d000000| Untracked 
|  80|0x000000074d200000, 0x000000074d200000, 0x000000074d400000|  0%| F|  |TAMS 0x000000074d200000, 0x000000074d200000| Untracked 
|  81|0x000000074d400000, 0x000000074d400000, 0x000000074d600000|  0%| F|  |TAMS 0x000000074d400000, 0x000000074d400000| Untracked 
|  82|0x000000074d600000, 0x000000074d600000, 0x000000074d800000|  0%| F|  |TAMS 0x000000074d600000, 0x000000074d600000| Untracked 
|  83|0x000000074d800000, 0x000000074d800000, 0x000000074da00000|  0%| F|  |TAMS 0x000000074d800000, 0x000000074d800000| Untracked 
|  84|0x000000074da00000, 0x000000074da00000, 0x000000074dc00000|  0%| F|  |TAMS 0x000000074da00000, 0x000000074da00000| Untracked 
|  85|0x000000074dc00000, 0x000000074dc00000, 0x000000074de00000|  0%| F|  |TAMS 0x000000074dc00000, 0x000000074dc00000| Untracked 
|  86|0x000000074de00000, 0x000000074de00000, 0x000000074e000000|  0%| F|  |TAMS 0x000000074de00000, 0x000000074de00000| Untracked 
|  87|0x000000074e000000, 0x000000074e000000, 0x000000074e200000|  0%| F|  |TAMS 0x000000074e000000, 0x000000074e000000| Untracked 
|  88|0x000000074e200000, 0x000000074e200000, 0x000000074e400000|  0%| F|  |TAMS 0x000000074e200000, 0x000000074e200000| Untracked 
|  89|0x000000074e400000, 0x000000074e400000, 0x000000074e600000|  0%| F|  |TAMS 0x000000074e400000, 0x000000074e400000| Untracked 
|  90|0x000000074e600000, 0x000000074e752740, 0x000000074e800000| 66%| E|  |TAMS 0x000000074e600000, 0x000000074e600000| Complete 
|  91|0x000000074e800000, 0x000000074ea00000, 0x000000074ea00000|100%| E|CS|TAMS 0x000000074e800000, 0x000000074e800000| Complete 
|  92|0x000000074ea00000, 0x000000074ec00000, 0x000000074ec00000|100%| E|CS|TAMS 0x000000074ea00000, 0x000000074ea00000| Complete 
|  93|0x000000074ec00000, 0x000000074ee00000, 0x000000074ee00000|100%| E|CS|TAMS 0x000000074ec00000, 0x000000074ec00000| Complete 
|  94|0x000000074ee00000, 0x000000074f000000, 0x000000074f000000|100%| E|CS|TAMS 0x000000074ee00000, 0x000000074ee00000| Complete 

Card table byte_map: [0x0000020b7ec60000,0x0000020b7f250000] _byte_map_base: 0x0000020b7b247000

Marking Bits (Prev, Next): (CMBitMap*) 0x0000020b7e2dca60, (CMBitMap*) 0x0000020b7e2dcaa0
 Prev Bits: [0x0000020b12610000, 0x0000020b15548000)
 Next Bits: [0x0000020b15550000, 0x0000020b18488000)

Polling page: 0x0000020b7c210000

Metaspace:

Usage:
  Non-class:     11.23 MB used.
      Class:      1.14 MB used.
       Both:     12.37 MB used.

Virtual space:
  Non-class space:       64.00 MB reserved,      11.31 MB ( 18%) committed,  1 nodes.
      Class space:        1.00 GB reserved,       1.25 MB ( <1%) committed,  1 nodes.
             Both:        1.06 GB reserved,      12.56 MB (  1%) committed. 

Chunk freelists:
   Non-Class:  497.00 KB
       Class:  2.74 MB
        Both:  3.23 MB

MaxMetaspaceSize: unlimited
CompressedClassSpaceSize: 1.00 GB
Initial GC threshold: 21.00 MB
Current GC threshold: 21.00 MB
CDS: off
MetaspaceReclaimPolicy: balanced
 - commit_granule_bytes: 65536.
 - commit_granule_words: 8192.
 - virtual_space_node_default_size: 8388608.
 - enlarge_chunks_in_place: 1.
 - new_chunks_are_fully_committed: 0.
 - uncommit_free_chunks: 1.
 - use_allocation_guard: 0.


Internal statistics:

num_allocs_failed_limit: 0.
num_arena_births: 114.
num_arena_deaths: 0.
num_vsnodes_births: 2.
num_vsnodes_deaths: 0.
num_space_committed: 201.
num_space_uncommitted: 0.
num_chunks_returned_to_freelist: 0.
num_chunks_taken_from_freelist: 157.
num_chunk_merges: 0.
num_chunk_splits: 91.
num_chunks_enlarged: 55.
num_inconsistent_stats: 0.

CodeHeap 'non-profiled nmethods': size=120000Kb used=424Kb max_used=424Kb free=119575Kb
 bounds [0x0000020b0b0e0000, 0x0000020b0b350000, 0x0000020b12610000]
CodeHeap 'profiled nmethods': size=120000Kb used=1978Kb max_used=1978Kb free=118021Kb
 bounds [0x0000020b03bb0000, 0x0000020b03e20000, 0x0000020b0b0e0000]
CodeHeap 'non-nmethods': size=5760Kb used=1249Kb max_used=1291Kb free=4510Kb
 bounds [0x0000020b03610000, 0x0000020b03880000, 0x0000020b03bb0000]
 total_blobs=1720 nmethods=1178 adapters=455
 compilation: enabled
              stopped_count=0, restarted_count=0
 full_count=0

Compilation events (20 events):
Event: 80.916 Thread 0x0000020b1e928120 nmethod 1169 0x0000020b0b13f790 code [0x0000020b0b13f920, 0x0000020b0b13fa98]
Event: 80.917 Thread 0x0000020b1e928120 1170       4       java.util.concurrent.TimeUnit::convert (77 bytes)
Event: 80.918 Thread 0x0000020b1e928120 nmethod 1170 0x0000020b0b13fc10 code [0x0000020b0b13fda0, 0x0000020b0b13fef8]
Event: 81.810 Thread 0x0000020b1e928120 1171       4       java.util.HashSet::add (20 bytes)
Event: 81.821 Thread 0x0000020b1e928120 nmethod 1171 0x0000020b0b140090 code [0x0000020b0b140280, 0x0000020b0b140b08]
Event: 82.791 Thread 0x0000020b1e928120 1172       4       java.util.concurrent.locks.AbstractQueuedSynchronizer$ConditionObject::awaitNanos (200 bytes)
Event: 82.816 Thread 0x0000020b1e928120 nmethod 1172 0x0000020b0b141010 code [0x0000020b0b141200, 0x0000020b0b141e48]
Event: 90.521 Thread 0x0000020b1e928120 1173       4       java.security.ProtectionDomain$JavaSecurityAccessImpl::getCombinedACC (30 bytes)
Event: 90.523 Thread 0x0000020b1e928120 nmethod 1173 0x0000020b0b142690 code [0x0000020b0b142860, 0x0000020b0b142c30]
Event: 90.582 Thread 0x0000020b1e928120 1174       4       java.security.AccessControlContext::<init> (63 bytes)
Event: 90.584 Thread 0x0000020b1e928120 nmethod 1174 0x0000020b0b143090 code [0x0000020b0b143200, 0x0000020b0b1434d8]
Event: 91.809 Thread 0x0000020b1e928120 1175       4       javax.swing.TimerQueue::now (8 bytes)
Event: 91.809 Thread 0x0000020b1e928120 nmethod 1175 0x0000020b0b143590 code [0x0000020b0b143700, 0x0000020b0b143778]
Event: 99.081 Thread 0x0000020b1e928120 1176   !   4       javax.swing.RepaintManager::addDirtyRegion0 (205 bytes)
Event: 99.090 Thread 0x0000020b1e928120 nmethod 1176 0x0000020b0b143890 code [0x0000020b0b143ac0, 0x0000020b0b144ab0]
Event: 113.285 Thread 0x0000020b1e928120 1177   !   4       java.awt.EventQueue::postEventPrivate (104 bytes)
Event: 113.319 Thread 0x0000020b1e928120 nmethod 1177 0x0000020b0b145510 code [0x0000020b0b1457e0, 0x0000020b0b147e60]
Event: 118.627 Thread 0x0000020b1e928120 1178   !   4       java.awt.EventQueue::setCurrentEventAndMostRecentTimeImpl (191 bytes)
Event: 118.641 Thread 0x0000020b1e928120 nmethod 1178 0x0000020b0b149290 code [0x0000020b0b149460, 0x0000020b0b149bd8]
Event: 118.844 Thread 0x0000020b1e928120 1179       4       java.awt.EventQueue::dispatchEvent (80 bytes)

GC Heap History (0 events):
No events

Deoptimization events (2 events):
Event: 0.502 Thread 0x0000020b1ebf88e0 DEOPT PACKING pc=0x0000020b03bc61e7 sp=0x000000dd8bafdbe0
Event: 0.502 Thread 0x0000020b1ebf88e0 DEOPT UNPACKING pc=0x0000020b03666763 sp=0x000000dd8bafd000 mode 0

Classes loaded (20 events):
Event: 1.014 Loading class javax/swing/JComponent$KeyboardState
Event: 1.014 Loading class javax/swing/JComponent$KeyboardState done
Event: 1.014 Loading class javax/swing/JComponent$IntVector
Event: 1.014 Loading class javax/swing/JComponent$IntVector done
Event: 1.015 Loading class javax/swing/JInternalFrame
Event: 1.016 Loading class javax/swing/JInternalFrame done
Event: 1.016 Loading class javax/swing/KeyboardManager
Event: 1.016 Loading class javax/swing/KeyboardManager done
Event: 1.016 Loading class javax/swing/Popup$HeavyWeightWindow
Event: 1.016 Loading class sun/awt/ModalExclude
Event: 1.016 Loading class sun/awt/ModalExclude done
Event: 1.016 Loading class javax/swing/JWindow
Event: 1.017 Loading class javax/swing/JWindow done
Event: 1.017 Loading class javax/swing/Popup$HeavyWeightWindow done
Event: 8.988 Loading class java/awt/KeyboardFocusManager$2
Event: 8.988 Loading class java/awt/KeyboardFocusManager$2 done
Event: 8.988 Loading class sun/awt/SunToolkit$1
Event: 8.988 Loading class sun/awt/SunToolkit$1 done
Event: 90.582 Loading class java/security/DomainCombiner
Event: 90.582 Loading class java/security/DomainCombiner done

Classes unloaded (0 events):
No events

Classes redefined (0 events):
No events

Internal exceptions (12 events):
Event: 0.100 Thread 0x0000020b7e27e4c0 Exception <a 'java/lang/ClassNotFoundException'{0x000000074ef33538}: sun/awt/resources/spi/awtProvider> (0x000000074ef33538) 
thrown [s\src\hotspot\share\classfile\systemDictionary.cpp, line 255]
Event: 0.114 Thread 0x0000020b7e27e4c0 Exception <a 'java/io/FileNotFoundException'{0x000000074effb070}> (0x000000074effb070) 
thrown [s\src\hotspot\share\prims\jni.cpp, line 516]
Event: 0.120 Thread 0x0000020b7e27e4c0 Exception <a 'java/io/FileNotFoundException'{0x000000074ec288b0}> (0x000000074ec288b0) 
thrown [s\src\hotspot\share\prims\jni.cpp, line 516]
Event: 0.146 Thread 0x0000020b7e27e4c0 Exception <a 'java/lang/NoSuchMethodError'{0x000000074ec68920}: 'java.lang.Object java.lang.invoke.DirectMethodHandle$Holder.invokeStaticInit(java.lang.Object)'> (0x000000074ec68920) 
thrown [s\src\hotspot\share\interpreter\linkResolver.cpp, line 766]
Event: 0.172 Thread 0x0000020b7e27e4c0 Exception <a 'java/lang/NoSuchMethodError'{0x000000074ecb23c8}: 'void java.lang.invoke.DirectMethodHandle$Holder.invokeSpecial(java.lang.Object, java.lang.Object, java.lang.Object)'> (0x000000074ecb23c8) 
thrown [s\src\hotspot\share\interpreter\linkResolver.cpp, line 766]
Event: 0.178 Thread 0x0000020b7e27e4c0 Exception <a 'java/lang/NoSuchMethodError'{0x000000074ecdd290}: 'java.lang.Object java.lang.invoke.DirectMethodHandle$Holder.newInvokeSpecial(java.lang.Object, java.lang.Object, java.lang.Object, java.lang.Object, java.lang.Object)'> (0x000000074ecdd290) 
thrown [s\src\hotspot\share\interpreter\linkResolver.cpp, line 766]
Event: 0.182 Thread 0x0000020b7e27e4c0 Exception <a 'java/lang/NoSuchMethodError'{0x000000074ed7fa48}: 'java.lang.Object java.lang.invoke.DirectMethodHandle$Holder.invokeStatic(java.lang.Object, int, java.lang.Object)'> (0x000000074ed7fa48) 
thrown [s\src\hotspot\share\interpreter\linkResolver.cpp, line 766]
Event: 0.196 Thread 0x0000020b7e27e4c0 Exception <a 'java/lang/ClassNotFoundException'{0x000000074ea3cce8}: com/sun/swing/internal/plaf/metal/resources/spi/metalProvider> (0x000000074ea3cce8) 
thrown [s\src\hotspot\share\classfile\systemDictionary.cpp, line 255]
Event: 0.197 Thread 0x0000020b7e27e4c0 Exception <a 'java/lang/ClassNotFoundException'{0x000000074ea40da0}: com/sun/swing/internal/plaf/basic/resources/spi/basicProvider> (0x000000074ea40da0) 
thrown [s\src\hotspot\share\classfile\systemDictionary.cpp, line 255]
Event: 0.202 Thread 0x0000020b7e27e4c0 Exception <a 'java/lang/NoSuchMethodError'{0x000000074ea61968}: 'int java.lang.invoke.Invokers$Holder.invokeExact_MT(java.lang.Object, java.lang.Object)'> (0x000000074ea61968) 
thrown [s\src\hotspot\share\interpreter\linkResolver.cpp, line 766]
Event: 0.216 Thread 0x0000020b1ebf88e0 Exception <a 'java/lang/NoSuchMethodError'{0x000000074ecf1dd8}: 'void java.lang.invoke.DirectMethodHandle$Holder.invokeVirtual(java.lang.Object, java.lang.Object)'> (0x000000074ecf1dd8) 
thrown [s\src\hotspot\share\interpreter\linkResolver.cpp, line 766]
Event: 0.224 Thread 0x0000020b7e27e4c0 Exception <a 'java/lang/NoSuchMethodError'{0x000000074eaa2ea0}: 'void java.lang.invoke.DirectMethodHandle$Holder.invokeStaticInit(java.lang.Object)'> (0x000000074eaa2ea0) 
thrown [s\src\hotspot\share\interpreter\linkResolver.cpp, line 766]

VM Operations (20 events):
Event: 6.311 Executing VM operation: Cleanup
Event: 6.312 Executing VM operation: Cleanup done
Event: 7.315 Executing VM operation: Cleanup
Event: 7.315 Executing VM operation: Cleanup done
Event: 8.320 Executing VM operation: Cleanup
Event: 8.320 Executing VM operation: Cleanup done
Event: 9.327 Executing VM operation: Cleanup
Event: 9.328 Executing VM operation: Cleanup done
Event: 15.359 Executing VM operation: Cleanup
Event: 15.359 Executing VM operation: Cleanup done
Event: 46.563 Executing VM operation: Cleanup
Event: 46.563 Executing VM operation: Cleanup done
Event: 49.587 Executing VM operation: Cleanup
Event: 49.587 Executing VM operation: Cleanup done
Event: 57.637 Executing VM operation: Cleanup
Event: 57.637 Executing VM operation: Cleanup done
Event: 73.749 Executing VM operation: Cleanup
Event: 73.749 Executing VM operation: Cleanup done
Event: 82.821 Executing VM operation: Cleanup
Event: 82.821 Executing VM operation: Cleanup done

Events (20 events):
Event: 0.040 Thread 0x0000020b1e922e30 Thread added: 0x0000020b1e922e30
Event: 0.040 Thread 0x0000020b1e9236e0 Thread added: 0x0000020b1e9236e0
Event: 0.041 Thread 0x0000020b1e926090 Thread added: 0x0000020b1e926090
Event: 0.041 Thread 0x0000020b1e927450 Thread added: 0x0000020b1e927450
Event: 0.041 Thread 0x0000020b1e928120 Thread added: 0x0000020b1e928120
Event: 0.041 Thread 0x0000020b1e987980 Thread added: 0x0000020b1e987980
Event: 0.041 Thread 0x0000020b1e9b9010 Thread added: 0x0000020b1e9b9010
Event: 0.063 Thread 0x0000020b1ead6330 Thread added: 0x0000020b1ead6330
Event: 0.066 Thread 0x0000020b1eb07910 Thread added: 0x0000020b1eb07910
Event: 0.090 Loaded shared library C:\Users\hughw\.p2\pool\plugins\org.eclipse.justj.openjdk.hotspot.jre.full.win32.x86_64_18.0.1.v20220515-1614\jre\bin\jimage.dll
Event: 0.106 Loaded shared library C:\Users\hughw\.p2\pool\plugins\org.eclipse.justj.openjdk.hotspot.jre.full.win32.x86_64_18.0.1.v20220515-1614\jre\bin\awt.dll
Event: 0.147 Thread 0x0000020b1ebe9eb0 Thread added: 0x0000020b1ebe9eb0
Event: 0.148 Thread 0x0000020b1ebf8420 Thread added: 0x0000020b1ebf8420
Event: 0.149 Thread 0x0000020b1ebf88e0 Thread added: 0x0000020b1ebf88e0
Event: 0.209 Thread 0x0000020b1ef99010 Thread added: 0x0000020b1ef99010
Event: 0.215 Thread 0x0000020b1ef9c3a0 Thread added: 0x0000020b1ef9c3a0
Event: 0.227 Loaded shared library C:\Users\hughw\.p2\pool\plugins\org.eclipse.justj.openjdk.hotspot.jre.full.win32.x86_64_18.0.1.v20220515-1614\jre\bin\freetype.dll
Event: 0.227 Loaded shared library C:\Users\hughw\.p2\pool\plugins\org.eclipse.justj.openjdk.hotspot.jre.full.win32.x86_64_18.0.1.v20220515-1614\jre\bin\fontmanager.dll
Event: 0.261 Thread 0x0000020b7e27e4c0 Thread exited: 0x0000020b7e27e4c0
Event: 0.262 Thread 0x0000020b7e27e4c0 Thread added: 0x0000020b7e27e4c0


Dynamic libraries:
0x00007ff670470000 - 0x00007ff67047e000 	C:\Users\hughw\.p2\pool\plugins\org.eclipse.justj.openjdk.hotspot.jre.full.win32.x86_64_18.0.1.v20220515-1614\jre\bin\javaw.exe
0x00007ffb3b230000 - 0x00007ffb3b444000 	C:\WINDOWS\SYSTEM32\ntdll.dll
0x00007ffb39050000 - 0x00007ffb39113000 	C:\WINDOWS\System32\KERNEL32.DLL
0x00007ffb38970000 - 0x00007ffb38d0c000 	C:\WINDOWS\System32\KERNELBASE.dll
0x00007ffb38d10000 - 0x00007ffb38e21000 	C:\WINDOWS\System32\ucrtbase.dll
0x00007ffb2e540000 - 0x00007ffb2e557000 	C:\Users\hughw\.p2\pool\plugins\org.eclipse.justj.openjdk.hotspot.jre.full.win32.x86_64_18.0.1.v20220515-1614\jre\bin\jli.dll
0x00007ffb2e1a0000 - 0x00007ffb2e1b9000 	C:\Users\hughw\.p2\pool\plugins\org.eclipse.justj.openjdk.hotspot.jre.full.win32.x86_64_18.0.1.v20220515-1614\jre\bin\VCRUNTIME140.dll
0x00007ffb3a9d0000 - 0x00007ffb3ab7d000 	C:\WINDOWS\System32\USER32.dll
0x00007ffb38ef0000 - 0x00007ffb38f16000 	C:\WINDOWS\System32\win32u.dll
0x00007ffb17f10000 - 0x00007ffb1819e000 	C:\WINDOWS\WinSxS\amd64_microsoft.windows.common-controls_6595b64144ccf1df_6.0.22621.608_none_a9444ca7c10bb01d\COMCTL32.dll
0x00007ffb3a8e0000 - 0x00007ffb3a909000 	C:\WINDOWS\System32\GDI32.dll
0x00007ffb3a2a0000 - 0x00007ffb3a347000 	C:\WINDOWS\System32\msvcrt.dll
0x00007ffb38670000 - 0x00007ffb38783000 	C:\WINDOWS\System32\gdi32full.dll
0x00007ffb38fa0000 - 0x00007ffb3903a000 	C:\WINDOWS\System32\msvcp_win.dll
0x00007ffb39a70000 - 0x00007ffb39aa1000 	C:\WINDOWS\System32\IMM32.DLL
0x00007ffb329e0000 - 0x00007ffb329ec000 	C:\Users\hughw\.p2\pool\plugins\org.eclipse.justj.openjdk.hotspot.jre.full.win32.x86_64_18.0.1.v20220515-1614\jre\bin\vcruntime140_1.dll
0x00007ffb0fae0000 - 0x00007ffb0fb71000 	C:\Users\hughw\.p2\pool\plugins\org.eclipse.justj.openjdk.hotspot.jre.full.win32.x86_64_18.0.1.v20220515-1614\jre\bin\msvcp140.dll
0x00007ffac79f0000 - 0x00007ffac8679000 	C:\Users\hughw\.p2\pool\plugins\org.eclipse.justj.openjdk.hotspot.jre.full.win32.x86_64_18.0.1.v20220515-1614\jre\bin\server\jvm.dll
0x00007ffb3a450000 - 0x00007ffb3a4fe000 	C:\WINDOWS\System32\ADVAPI32.dll
0x00007ffb3b0c0000 - 0x00007ffb3b164000 	C:\WINDOWS\System32\sechost.dll
0x00007ffb3a730000 - 0x00007ffb3a845000 	C:\WINDOWS\System32\RPCRT4.dll
0x00007ffb39040000 - 0x00007ffb39048000 	C:\WINDOWS\System32\PSAPI.DLL
0x00007ffb2ef10000 - 0x00007ffb2ef19000 	C:\WINDOWS\SYSTEM32\WSOCK32.dll
0x00007ffb32c20000 - 0x00007ffb32c2a000 	C:\WINDOWS\SYSTEM32\VERSION.dll
0x00007ffb32990000 - 0x00007ffb329c4000 	C:\WINDOWS\SYSTEM32\WINMM.dll
0x00007ffb399f0000 - 0x00007ffb39a61000 	C:\WINDOWS\System32\WS2_32.dll
0x00007ffb376c0000 - 0x00007ffb376d8000 	C:\WINDOWS\SYSTEM32\kernel.appcore.dll
0x00007ffb29e30000 - 0x00007ffb29e3a000 	C:\Users\hughw\.p2\pool\plugins\org.eclipse.justj.openjdk.hotspot.jre.full.win32.x86_64_18.0.1.v20220515-1614\jre\bin\jimage.dll
0x00007ffb35cd0000 - 0x00007ffb35efe000 	C:\WINDOWS\SYSTEM32\DBGHELP.DLL
0x00007ffb3ad30000 - 0x00007ffb3b0b9000 	C:\WINDOWS\System32\combase.dll
0x00007ffb39120000 - 0x00007ffb391f7000 	C:\WINDOWS\System32\OLEAUT32.dll
0x00007ffb2d510000 - 0x00007ffb2d542000 	C:\WINDOWS\SYSTEM32\dbgcore.DLL
0x00007ffb38f20000 - 0x00007ffb38f9b000 	C:\WINDOWS\System32\bcryptPrimitives.dll
0x00007ffb29c70000 - 0x00007ffb29c95000 	C:\Users\hughw\.p2\pool\plugins\org.eclipse.justj.openjdk.hotspot.jre.full.win32.x86_64_18.0.1.v20220515-1614\jre\bin\java.dll
0x00007ffb299d0000 - 0x00007ffb299e8000 	C:\Users\hughw\.p2\pool\plugins\org.eclipse.justj.openjdk.hotspot.jre.full.win32.x86_64_18.0.1.v20220515-1614\jre\bin\zip.dll
0x00007ffb39ab0000 - 0x00007ffb3a2a0000 	C:\WINDOWS\System32\SHELL32.dll
0x00007ffb36680000 - 0x00007ffb36f4e000 	C:\WINDOWS\SYSTEM32\windows.storage.dll
0x00007ffb36540000 - 0x00007ffb3667e000 	C:\WINDOWS\SYSTEM32\wintypes.dll
0x00007ffb3a350000 - 0x00007ffb3a441000 	C:\WINDOWS\System32\SHCORE.dll
0x00007ffb3a6d0000 - 0x00007ffb3a72e000 	C:\WINDOWS\System32\shlwapi.dll
0x00007ffb385a0000 - 0x00007ffb385c1000 	C:\WINDOWS\SYSTEM32\profapi.dll
0x00007ffb01120000 - 0x00007ffb012ae000 	C:\Users\hughw\.p2\pool\plugins\org.eclipse.justj.openjdk.hotspot.jre.full.win32.x86_64_18.0.1.v20220515-1614\jre\bin\awt.dll
0x00007ffb34d60000 - 0x00007ffb34df7000 	C:\WINDOWS\SYSTEM32\apphelp.dll
0x00007ffb35930000 - 0x00007ffb3595b000 	C:\WINDOWS\system32\DWMAPI.DLL
0x00007ffb355a0000 - 0x00007ffb3564b000 	C:\WINDOWS\system32\uxtheme.dll
0x00007ffb174c0000 - 0x00007ffb175c0000 	C:\WINDOWS\system32\opengl32.dll
0x00007ffb2a8e0000 - 0x00007ffb2a90d000 	C:\WINDOWS\SYSTEM32\GLU32.dll
0x00007ffb356e0000 - 0x00007ffb35716000 	C:\WINDOWS\SYSTEM32\dxcore.dll
0x00007ffb396e0000 - 0x00007ffb397fe000 	C:\WINDOWS\System32\MSCTF.dll
0x00007ffb39850000 - 0x00007ffb399ec000 	C:\WINDOWS\System32\ole32.dll
0x00007ffb27ac0000 - 0x00007ffb27b49000 	C:\Users\hughw\.p2\pool\plugins\org.eclipse.justj.openjdk.hotspot.jre.full.win32.x86_64_18.0.1.v20220515-1614\jre\bin\freetype.dll
0x00007ffaf16b0000 - 0x00007ffaf1758000 	C:\Users\hughw\.p2\pool\plugins\org.eclipse.justj.openjdk.hotspot.jre.full.win32.x86_64_18.0.1.v20220515-1614\jre\bin\fontmanager.dll
0x00007ffb2e030000 - 0x00007ffb2e15e000 	C:\WINDOWS\SYSTEM32\textinputframework.dll
0x00007ffb2b980000 - 0x00007ffb2b9e9000 	C:\WINDOWS\system32\Oleacc.dll
0x00007ffb346b0000 - 0x00007ffb347e3000 	C:\WINDOWS\SYSTEM32\CoreMessaging.dll
0x00007ffb2e5b0000 - 0x00007ffb2e91c000 	C:\WINDOWS\SYSTEM32\CoreUIComponents.dll
0x00007ffb37d90000 - 0x00007ffb37d9c000 	C:\WINDOWS\SYSTEM32\CRYPTBASE.DLL

dbghelp: loaded successfully - version: 4.0.5 - missing functions: none
symbol engine: initialized successfully - sym options: 0x614 - pdb path: .;C:\Users\hughw\.p2\pool\plugins\org.eclipse.justj.openjdk.hotspot.jre.full.win32.x86_64_18.0.1.v20220515-1614\jre\bin;C:\WINDOWS\SYSTEM32;C:\WINDOWS\WinSxS\amd64_microsoft.windows.common-controls_6595b64144ccf1df_6.0.22621.608_none_a9444ca7c10bb01d;C:\Users\hughw\.p2\pool\plugins\org.eclipse.justj.openjdk.hotspot.jre.full.win32.x86_64_18.0.1.v20220515-1614\jre\bin\server

VM Arguments:
jvm_args: -Dfile.encoding=UTF-8 -XX:+ShowCodeDetailsInExceptionMessages 
java_command: platformerTest.Main
java_class_path (initial): C:\Users\hughw\eclipse-workspace\PlatformerTest\bin
Launcher Type: SUN_STANDARD

[Global flags]
     intx CICompilerCount                          = 4                                         {product} {ergonomic}
     uint ConcGCThreads                            = 2                                         {product} {ergonomic}
     uint G1ConcRefinementThreads                  = 8                                         {product} {ergonomic}
   size_t G1HeapRegionSize                         = 2097152                                   {product} {ergonomic}
    uintx GCDrainStackTargetSize                   = 64                                        {product} {ergonomic}
   size_t InitialHeapSize                          = 199229440                                 {product} {ergonomic}
   size_t MarkStackSize                            = 4194304                                   {product} {ergonomic}
   size_t MaxHeapSize                              = 3168796672                                {product} {ergonomic}
   size_t MaxNewSize                               = 1900019712                                {product} {ergonomic}
   size_t MinHeapDeltaBytes                        = 2097152                                   {product} {ergonomic}
   size_t MinHeapSize                              = 8388608                                   {product} {ergonomic}
    uintx NonNMethodCodeHeapSize                   = 5839372                                {pd product} {ergonomic}
    uintx NonProfiledCodeHeapSize                  = 122909434                              {pd product} {ergonomic}
    uintx ProfiledCodeHeapSize                     = 122909434                              {pd product} {ergonomic}
    uintx ReservedCodeCacheSize                    = 251658240                              {pd product} {ergonomic}
     bool SegmentedCodeCache                       = true                                      {product} {ergonomic}
     bool ShowCodeDetailsInExceptionMessages       = true                                   {manageable} {command line}
   size_t SoftMaxHeapSize                          = 3168796672                             {manageable} {ergonomic}
     bool UseCompressedClassPointers               = true                           {product lp64_product} {ergonomic}
     bool UseCompressedOops                        = true                           {product lp64_product} {ergonomic}
     bool UseG1GC                                  = true                                      {product} {ergonomic}
     bool UseLargePagesIndividualAllocation        = false                                  {pd product} {ergonomic}

Logging:
Log output configuration:
 #0: stdout all=warning uptime,level,tags foldmultilines=false
 #1: stderr all=off uptime,level,tags foldmultilines=false

Environment Variables:
JAVA_HOME=C:\Program Files\Java\jdk1.8.0_351
PATH=C:/Users/hughw/.p2/pool/plugins/org.eclipse.justj.openjdk.hotspot.jre.full.win32.x86_64_18.0.1.v20220515-1614/jre/bin/server;C:/Users/hughw/.p2/pool/plugins/org.eclipse.justj.openjdk.hotspot.jre.full.win32.x86_64_18.0.1.v20220515-1614/jre/bin;C:\Program Files\Common Files\Oracle\Java\javapath;C:\Program Files (x86)\Common Files\Oracle\Java\javapath;C:\WINDOWS\system32;C:\WINDOWS;C:\WINDOWS\System32\Wbem;C:\WINDOWS\System32\WindowsPowerShell\v1.0\;C:\WINDOWS\System32\OpenSSH\;C:\Program Files (x86)\Windows Live\Shared;C:\Program Files (x86)\Common Files\Propellerhead Software\ReWire\;C:\Program Files\Common Files\Propellerhead Software\ReWire\;C:\Program Files\Git\cmd;C:\Program Files\Java\jdk1.8.0_351\bin;C:\Users\hughw\AppData\Local\Programs\Python\Python310\Scripts\;C:\Users\hughw\AppData\Local\Programs\Python\Python310\;C:\Users\hughw\AppData\Local\Microsoft\WindowsApps;C:\Users\hughw\AppData\Local\GitHubDesktop\bin;C:\Users\hughw\AppData\Local\Programs\Microsoft VS Code\bin;C:\Gradle\gradle-7.5.1\bin;C:\Program Files\Apache Software Foundation\apache-maven-3.8.6\bin;;C:\Users\hughw\eclipse\java-2022-033\eclipse;
USERNAME=hughw
OS=Windows_NT
PROCESSOR_IDENTIFIER=Intel64 Family 6 Model 140 Stepping 1, GenuineIntel



---------------  S Y S T E M  ---------------

OS:
 Windows 11 , 64 bit Build 22621 (10.0.22621.1344)
OS uptime: 17 days 10:55 hours

CPU: total 8 (initial active 8) (4 cores per cpu, 2 threads per core) family 6 model 140 stepping 1 microcode 0x52, cx8, cmov, fxsr, ht, mmx, 3dnowpref, sse, sse2, sse3, ssse3, sse4.1, sse4.2, popcnt, lzcnt, tsc, tscinvbit, avx, avx2, aes, erms, clmul, bmi1, bmi2, adx, avx512f, avx512dq, avx512cd, avx512bw, avx512vl, sha, fma, vzeroupper, avx512_vpopcntdq, avx512_vpclmulqdq, avx512_vaes, avx512_vnni, clflush, clflushopt, clwb, avx512_vbmi2, avx512_vbmi

Memory: 4k page, system-wide physical 12087M (540M free)
TotalPageFile size 48951M (AvailPageFile size 3M)
current process WorkingSet (physical memory assigned to process): 69M, peak: 79M
current process commit charge ("private bytes"): 286M, peak: 298M

vm_info: OpenJDK 64-Bit Server VM (18.0.1+10) for windows-amd64 JRE (18.0.1+10), built on Apr 20 2022 05:04:48 by "" with MS VC++ 16.7 (VS2019)

END.
